#
# There is insufficient memory for the Java Runtime Environment to continue.
# Native memory allocation (mmap) failed to map 216006656 bytes for Failed to commit area from 0x0000000090800000 to 0x000000009d600000 of length 216006656.
# Possible reasons:
#   The system is out of physical RAM or swap space
#   The process is running with CompressedOops enabled, and the Java Heap may be blocking the growth of the native heap
# Possible solutions:
#   Reduce memory load on the system
#   Increase physical memory or swap space
#   Check if swap backing store is full
#   Decrease Java heap size (-Xmx/-Xms)
#   Decrease number of Java threads
#   Decrease Java thread stack sizes (-Xss)
#   Set larger code cache with -XX:ReservedCodeCacheSize=
#   JVM is running with Unscaled Compressed Oops mode in which the Java heap is
#     placed in the first 4GB address space. The Java Heap base address is the
#     maximum limit for the native heap growth. Please use -XX:HeapBaseMinAddress
#     to set the Java Heap base and to place the Java Heap above 4GB virtual address.
# This output file may be truncated or incomplete.
#
#  Out of Memory Error (./src/hotspot/os/windows/os_windows.cpp:3521), pid=3228, tid=14788
#
# JRE version: OpenJDK Runtime Environment (11.0.12+7) (build 11.0.12+7-b1504.28-7817840)
# Java VM: OpenJDK 64-Bit Server VM (11.0.12+7-b1504.28-7817840, mixed mode, tiered, compressed oops, g1 gc, windows-amd64)
# No core dump will be written. Minidumps are not enabled by default on client versions of Windows
#

---------------  S U M M A R Y ------------

Command Line: --add-opens=java.base/java.util=ALL-UNNAMED --add-opens=java.base/java.lang=ALL-UNNAMED --add-opens=java.base/java.lang.invoke=ALL-UNNAMED --add-opens=java.base/java.util=ALL-UNNAMED --add-opens=java.prefs/java.util.prefs=ALL-UNNAMED --add-opens=java.prefs/java.util.prefs=ALL-UNNAMED --add-opens=java.base/java.nio.charset=ALL-UNNAMED --add-opens=java.base/java.net=ALL-UNNAMED --add-opens=java.base/java.util.concurrent.atomic=ALL-UNNAMED -Xmx2048m -Dfile.encoding=UTF-8 -Duser.country=US -Duser.language=en -Duser.variant org.gradle.launcher.daemon.bootstrap.GradleDaemon 7.3.3

Host: Intel(R) Core(TM) i5-8265U CPU @ 1.60GHz, 8 cores, 7G,  Windows 10 , 64 bit Build 19041 (10.0.19041.292)
Time: Thu Oct 13 13:14:02 2022 SE Asia Standard Time elapsed time: 8741.368975 seconds (0d 2h 25m 41s)

---------------  T H R E A D  ---------------

Current thread (0x0000010d8fa3d000):  VMThread "VM Thread" [stack: 0x0000000725400000,0x0000000725500000] [id=14788]

Stack: [0x0000000725400000,0x0000000725500000]
[error occurred during error reporting (printing stack bounds), id 0xc0000005, EXCEPTION_ACCESS_VIOLATION (0xc0000005) at pc=0x0000010d8000112d]

Native frames: (J=compiled Java code, j=interpreted, Vv=VM code, C=native code)
V  [jvm.dll+0x5fbcea]
V  [jvm.dll+0x731905]
V  [jvm.dll+0x732f1d]
V  [jvm.dll+0x733535]
V  [jvm.dll+0x7334eb]
V  [jvm.dll+0x5fb080]
V  [jvm.dll+0x5fb818]
C  [ntdll.dll+0xa111f]
C  [ntdll.dll+0x4b474]
C  [ntdll.dll+0x9fc4e]
C  0x0000010d8000112d

VM_Operation (0x000000072e6fd920): G1CollectForAllocation, mode: safepoint, requested by thread 0x0000010d995a4000


---------------  P R O C E S S  ---------------

Threads class SMR info:
_java_thread_list=0x0000010d95cafa80, length=151, elements={
0x0000010df4d89800, 0x0000010d8fa41000, 0x0000010d8fa42800, 0x0000010d8fa5c800,
0x0000010d8fa5e800, 0x0000010d8fa5f800, 0x0000010d8fa6e800, 0x0000010d8fa73000,
0x0000010d8fa74000, 0x0000010d9051e000, 0x0000010d918c3800, 0x0000010d926f6000,
0x0000010d92eee000, 0x0000010d92dbf000, 0x0000010d92dbd800, 0x0000010d92dbe800,
0x0000010d92dc0000, 0x0000010d92dc1800, 0x0000010d92dbc800, 0x0000010d9075d800,
0x0000010d90760000, 0x0000010d9075e000, 0x0000010d90760800, 0x0000010d9075f000,
0x0000010d90761800, 0x0000010d90762800, 0x0000010d90766800, 0x0000010d90767000,
0x0000010d9972e800, 0x0000010d99730000, 0x0000010d9972f000, 0x0000010d99735000,
0x0000010d99737800, 0x0000010d99735800, 0x0000010d99734000, 0x0000010d99736800,
0x0000010d99731800, 0x0000010d99738000, 0x0000010d99732800, 0x0000010d99739000,
0x0000010d99733000, 0x0000010d99739800, 0x0000010d9973d000, 0x0000010d9973a800,
0x0000010d9973b800, 0x0000010d9973c000, 0x0000010d9075c800, 0x0000010d90764800,
0x0000010d90768000, 0x0000010d90765800, 0x0000010d90764000, 0x0000010d90769000,
0x0000010d9076a800, 0x0000010d9076b800, 0x0000010d92dbc000, 0x0000010d92dc1000,
0x0000010d92dc2800, 0x0000010d93e16800, 0x0000010d93e15800, 0x0000010d93e14000,
0x0000010d93e15000, 0x0000010d93e1a000, 0x0000010d93e1a800, 0x0000010d93e17800,
0x0000010d93e1d000, 0x0000010d93e1c000, 0x0000010d93e1e000, 0x0000010d93e18000,
0x0000010d93e1b800, 0x0000010d93e1e800, 0x0000010d93e19000, 0x0000010d93e1f800,
0x0000010d93e21000, 0x0000010d93e20800, 0x0000010d93e22000, 0x0000010d93e22800,
0x0000010d99eaa800, 0x0000010d99ea8000, 0x0000010d99eab000, 0x0000010d99eac000,
0x0000010d99eae800, 0x0000010d99ead000, 0x0000010d99ead800, 0x0000010d99ea9000,
0x0000010d99eaf800, 0x0000010d99ea9800, 0x0000010d99eb1000, 0x0000010d99eb1800,
0x0000010d99eb2800, 0x0000010d99eb4000, 0x0000010d99eb3800, 0x0000010d99eb5000,
0x0000010d99eb6000, 0x0000010d99eb0000, 0x0000010d99eb6800, 0x0000010d977d1800,
0x0000010d977d0000, 0x0000010d977cd800, 0x0000010d977d0800, 0x0000010d977cc800,
0x0000010d977d3000, 0x0000010d977d2800, 0x0000010d977d4000, 0x0000010d977ce000,
0x0000010d977d4800, 0x0000010d977cf000, 0x0000010d977da800, 0x0000010d977d5800,
0x0000010d977db800, 0x0000010d977d8000, 0x0000010d977d6800, 0x0000010d977d7000,
0x0000010d977d9000, 0x0000010d977d9800, 0x0000010d9090e800, 0x0000010d90909800,
0x0000010d9090a800, 0x0000010d90908800, 0x0000010d90911000, 0x0000010d9090d800,
0x0000010d9090c000, 0x0000010d9090b000, 0x0000010d9090f800, 0x0000010d90910000,
0x0000010d90911800, 0x0000010d90912800, 0x0000010d9090d000, 0x0000010d90913800,
0x0000010d90915000, 0x0000010d90914000, 0x0000010d90916000, 0x0000010d90917800,
0x0000010d995a4800, 0x0000010d995a0000, 0x0000010d995a3000, 0x0000010d995a6800,
0x0000010d995a5800, 0x0000010d995a0800, 0x0000010d995a2000, 0x0000010d995a7000,
0x0000010d995a1800, 0x0000010d995ac000, 0x0000010d928e2800, 0x0000010d995a4000,
0x0000010d995ad800, 0x0000010d995ab000, 0x0000010d995a9000, 0x0000010d995a9800,
0x0000010d995aa800, 0x0000010d995ad000, 0x0000010d995a8000
}

Java Threads: ( => current thread )
  0x0000010df4d89800 JavaThread "main" [_thread_blocked, id=808, stack(0x0000000724e00000,0x0000000724f00000)]
  0x0000010d8fa41000 JavaThread "Reference Handler" daemon [_thread_blocked, id=7736, stack(0x0000000725500000,0x0000000725600000)]
  0x0000010d8fa42800 JavaThread "Finalizer" daemon [_thread_blocked, id=14712, stack(0x0000000725600000,0x0000000725700000)]
  0x0000010d8fa5c800 JavaThread "Signal Dispatcher" daemon [_thread_blocked, id=11512, stack(0x0000000725700000,0x0000000725800000)]
  0x0000010d8fa5e800 JavaThread "Attach Listener" daemon [_thread_blocked, id=8448, stack(0x0000000725800000,0x0000000725900000)]
  0x0000010d8fa5f800 JavaThread "Service Thread" daemon [_thread_blocked, id=2816, stack(0x0000000725900000,0x0000000725a00000)]
  0x0000010d8fa6e800 JavaThread "C2 CompilerThread0" daemon [_thread_blocked, id=7064, stack(0x0000000725a00000,0x0000000725b00000)]
  0x0000010d8fa73000 JavaThread "C1 CompilerThread0" daemon [_thread_blocked, id=5932, stack(0x0000000725b00000,0x0000000725c00000)]
  0x0000010d8fa74000 JavaThread "Sweeper thread" daemon [_thread_blocked, id=2000, stack(0x0000000725c00000,0x0000000725d00000)]
  0x0000010d9051e000 JavaThread "Common-Cleaner" daemon [_thread_blocked, id=8128, stack(0x0000000725d00000,0x0000000725e00000)]
  0x0000010d918c3800 JavaThread "Daemon health stats" [_thread_blocked, id=7824, stack(0x0000000726300000,0x0000000726400000)]
  0x0000010d926f6000 JavaThread "Incoming local TCP Connector on port 49968" [_thread_in_native, id=7920, stack(0x0000000725f00000,0x0000000726000000)]
  0x0000010d92eee000 JavaThread "Daemon periodic checks" [_thread_blocked, id=3924, stack(0x0000000726200000,0x0000000726300000)]
  0x0000010d92dbf000 JavaThread "Cache worker for journal cache (C:\Users\Admin\.gradle\caches\journal-1)" [_thread_blocked, id=10304, stack(0x0000000727000000,0x0000000727100000)]
  0x0000010d92dbd800 JavaThread "File lock request listener" [_thread_in_native, id=7412, stack(0x0000000727100000,0x0000000727200000)]
  0x0000010d92dbe800 JavaThread "Cache worker for file hash cache (C:\Users\Admin\.gradle\caches\7.3.3\fileHashes)" [_thread_blocked, id=15040, stack(0x0000000727300000,0x0000000727400000)]
  0x0000010d92dc0000 JavaThread "File watcher server" daemon [_thread_blocked, id=5356, stack(0x0000000727700000,0x0000000727800000)]
  0x0000010d92dc1800 JavaThread "File watcher consumer" daemon [_thread_blocked, id=13404, stack(0x0000000727800000,0x0000000727900000)]
  0x0000010d92dbc800 JavaThread "jar transforms" [_thread_blocked, id=14792, stack(0x0000000727900000,0x0000000727a00000)]
  0x0000010d9075d800 JavaThread "jar transforms Thread 2" [_thread_blocked, id=9360, stack(0x0000000727a00000,0x0000000727b00000)]
  0x0000010d90760000 JavaThread "jar transforms Thread 3" [_thread_blocked, id=11900, stack(0x0000000727b00000,0x0000000727c00000)]
  0x0000010d9075e000 JavaThread "jar transforms Thread 4" [_thread_blocked, id=11928, stack(0x0000000727c00000,0x0000000727d00000)]
  0x0000010d90760800 JavaThread "jar transforms Thread 5" [_thread_blocked, id=2588, stack(0x0000000727d00000,0x0000000727e00000)]
  0x0000010d9075f000 JavaThread "jar transforms Thread 6" [_thread_blocked, id=9208, stack(0x0000000727e00000,0x0000000727f00000)]
  0x0000010d90761800 JavaThread "jar transforms Thread 7" [_thread_blocked, id=10716, stack(0x0000000727f00000,0x0000000728000000)]
  0x0000010d90762800 JavaThread "jar transforms Thread 8" [_thread_blocked, id=13732, stack(0x0000000728000000,0x0000000728100000)]
  0x0000010d90766800 JavaThread "Cache worker for execution history cache (C:\Users\Admin\.gradle\caches\7.3.3\executionHistory)" [_thread_blocked, id=12364, stack(0x0000000728300000,0x0000000728400000)]
  0x0000010d90767000 JavaThread "Cache worker for file content cache (C:\Users\Admin\.gradle\caches\7.3.3\fileContent)" [_thread_blocked, id=10296, stack(0x0000000728400000,0x0000000728500000)]
  0x0000010d9972e800 JavaThread "Memory manager" [_thread_blocked, id=14368, stack(0x000000072d700000,0x000000072d800000)]
  0x0000010d99730000 JavaThread "Daemon Thread 2" [_thread_blocked, id=16100, stack(0x0000000724b00000,0x0000000724c00000)]
  0x0000010d9972f000 JavaThread "Handler for socket connection from /127.0.0.1:49968 to /127.0.0.1:53458" [_thread_in_native, id=11488, stack(0x0000000724c00000,0x0000000724d00000)]
  0x0000010d99735000 JavaThread "Cancel handler" [_thread_blocked, id=3208, stack(0x0000000724d00000,0x0000000724e00000)]
  0x0000010d99737800 JavaThread "Daemon worker Thread 2" [_thread_blocked, id=7588, stack(0x0000000726400000,0x0000000726500000)]
  0x0000010d99735800 JavaThread "Asynchronous log dispatcher for DefaultDaemonConnection: socket connection from /127.0.0.1:49968 to /127.0.0.1:53458" [_thread_blocked, id=14344, stack(0x0000000726500000,0x0000000726600000)]
  0x0000010d99734000 JavaThread "Stdin handler" [_thread_blocked, id=14996, stack(0x0000000726600000,0x0000000726700000)]
  0x0000010d99736800 JavaThread "Daemon client event forwarder" [_thread_blocked, id=8132, stack(0x0000000726700000,0x0000000726800000)]
  0x0000010d99731800 JavaThread "Cache worker for file hash cache (F:\term_1_year_ 3\CR_424_G _MobileApp\androidApp\dinhTuan_Bai10_Main\.gradle\7.3.3\fileHashes)" [_thread_blocked, id=8852, stack(0x0000000726800000,0x0000000726900000)]
  0x0000010d99738000 JavaThread "Cache worker for checksums cache (F:\term_1_year_ 3\CR_424_G _MobileApp\androidApp\dinhTuan_Bai10_Main\.gradle\7.3.3\checksums)" [_thread_blocked, id=16340, stack(0x0000000726a00000,0x0000000726b00000)]
  0x0000010d99732800 JavaThread "Cache worker for cache directory md-supplier (C:\Users\Admin\.gradle\caches\7.3.3\md-supplier)" [_thread_blocked, id=736, stack(0x0000000727400000,0x0000000727500000)]
  0x0000010d99739000 JavaThread "Cache worker for cache directory md-rule (C:\Users\Admin\.gradle\caches\7.3.3\md-rule)" [_thread_blocked, id=7728, stack(0x0000000727500000,0x0000000727600000)]
  0x0000010d99733000 JavaThread "Cache worker for dependencies-accessors (F:\term_1_year_ 3\CR_424_G _MobileApp\androidApp\dinhTuan_Bai10_Main\.gradle\7.3.3\dependencies-accessors)" [_thread_blocked, id=4136, stack(0x0000000727600000,0x0000000727700000)]
  0x0000010d99739800 JavaThread "Cache worker for Build Output Cleanup Cache (F:\term_1_year_ 3\CR_424_G _MobileApp\androidApp\dinhTuan_Bai10_Main\.gradle\buildOutputCleanup)" [_thread_blocked, id=16052, stack(0x0000000726900000,0x0000000726a00000)]
  0x0000010d9973d000 JavaThread "Unconstrained build operations" [_thread_blocked, id=1248, stack(0x0000000728100000,0x0000000728200000)]
  0x0000010d9973a800 JavaThread "Unconstrained build operations Thread 2" [_thread_blocked, id=2020, stack(0x0000000728200000,0x0000000728300000)]
  0x0000010d9973b800 JavaThread "Unconstrained build operations Thread 3" [_thread_blocked, id=14720, stack(0x0000000728500000,0x0000000728600000)]
  0x0000010d9973c000 JavaThread "Unconstrained build operations Thread 4" [_thread_blocked, id=12612, stack(0x0000000728600000,0x0000000728700000)]
  0x0000010d9075c800 JavaThread "Unconstrained build operations Thread 5" [_thread_blocked, id=13100, stack(0x0000000728700000,0x0000000728800000)]
  0x0000010d90764800 JavaThread "Unconstrained build operations Thread 6" [_thread_blocked, id=9940, stack(0x0000000728800000,0x0000000728900000)]
  0x0000010d90768000 JavaThread "Unconstrained build operations Thread 7" [_thread_blocked, id=15132, stack(0x0000000728900000,0x0000000728a00000)]
  0x0000010d90765800 JavaThread "Unconstrained build operations Thread 8" [_thread_blocked, id=15792, stack(0x0000000728a00000,0x0000000728b00000)]
  0x0000010d90764000 JavaThread "Unconstrained build operations Thread 9" [_thread_blocked, id=16064, stack(0x0000000728b00000,0x0000000728c00000)]
  0x0000010d90769000 JavaThread "Unconstrained build operations Thread 10" [_thread_blocked, id=12560, stack(0x0000000728c00000,0x0000000728d00000)]
  0x0000010d9076a800 JavaThread "Unconstrained build operations Thread 11" [_thread_blocked, id=2312, stack(0x0000000728d00000,0x0000000728e00000)]
  0x0000010d9076b800 JavaThread "Unconstrained build operations Thread 12" [_thread_blocked, id=12940, stack(0x0000000728e00000,0x0000000728f00000)]
  0x0000010d92dbc000 JavaThread "Unconstrained build operations Thread 13" [_thread_blocked, id=9688, stack(0x0000000728f00000,0x0000000729000000)]
  0x0000010d92dc1000 JavaThread "Unconstrained build operations Thread 14" [_thread_blocked, id=16168, stack(0x0000000729000000,0x0000000729100000)]
  0x0000010d92dc2800 JavaThread "Unconstrained build operations Thread 15" [_thread_blocked, id=10692, stack(0x0000000729100000,0x0000000729200000)]
  0x0000010d93e16800 JavaThread "Unconstrained build operations Thread 16" [_thread_blocked, id=12068, stack(0x0000000729200000,0x0000000729300000)]
  0x0000010d93e15800 JavaThread "Unconstrained build operations Thread 17" [_thread_blocked, id=11172, stack(0x0000000729300000,0x0000000729400000)]
  0x0000010d93e14000 JavaThread "Unconstrained build operations Thread 18" [_thread_blocked, id=10076, stack(0x0000000729400000,0x0000000729500000)]
  0x0000010d93e15000 JavaThread "Unconstrained build operations Thread 19" [_thread_blocked, id=6068, stack(0x0000000729500000,0x0000000729600000)]
  0x0000010d93e1a000 JavaThread "Unconstrained build operations Thread 20" [_thread_blocked, id=15908, stack(0x0000000729600000,0x0000000729700000)]
  0x0000010d93e1a800 JavaThread "Unconstrained build operations Thread 21" [_thread_blocked, id=3420, stack(0x0000000729700000,0x0000000729800000)]
  0x0000010d93e17800 JavaThread "Unconstrained build operations Thread 22" [_thread_blocked, id=12892, stack(0x0000000729800000,0x0000000729900000)]
  0x0000010d93e1d000 JavaThread "Unconstrained build operations Thread 23" [_thread_blocked, id=15372, stack(0x0000000729900000,0x0000000729a00000)]
  0x0000010d93e1c000 JavaThread "Unconstrained build operations Thread 24" [_thread_blocked, id=11632, stack(0x0000000729a00000,0x0000000729b00000)]
  0x0000010d93e1e000 JavaThread "Unconstrained build operations Thread 25" [_thread_blocked, id=15592, stack(0x0000000729b00000,0x0000000729c00000)]
  0x0000010d93e18000 JavaThread "Unconstrained build operations Thread 26" [_thread_blocked, id=7332, stack(0x0000000729c00000,0x0000000729d00000)]
  0x0000010d93e1b800 JavaThread "Unconstrained build operations Thread 27" [_thread_blocked, id=1200, stack(0x0000000729d00000,0x0000000729e00000)]
  0x0000010d93e1e800 JavaThread "Unconstrained build operations Thread 28" [_thread_blocked, id=3400, stack(0x0000000729e00000,0x0000000729f00000)]
  0x0000010d93e19000 JavaThread "Unconstrained build operations Thread 29" [_thread_blocked, id=7340, stack(0x0000000729f00000,0x000000072a000000)]
  0x0000010d93e1f800 JavaThread "Unconstrained build operations Thread 30" [_thread_blocked, id=15708, stack(0x000000072a000000,0x000000072a100000)]
  0x0000010d93e21000 JavaThread "Unconstrained build operations Thread 31" [_thread_blocked, id=8608, stack(0x000000072a100000,0x000000072a200000)]
  0x0000010d93e20800 JavaThread "Unconstrained build operations Thread 32" [_thread_blocked, id=3348, stack(0x000000072a200000,0x000000072a300000)]
  0x0000010d93e22000 JavaThread "Unconstrained build operations Thread 33" [_thread_blocked, id=1940, stack(0x000000072a300000,0x000000072a400000)]
  0x0000010d93e22800 JavaThread "Unconstrained build operations Thread 34" [_thread_blocked, id=8032, stack(0x000000072a400000,0x000000072a500000)]
  0x0000010d99eaa800 JavaThread "Unconstrained build operations Thread 35" [_thread_blocked, id=4800, stack(0x000000072a500000,0x000000072a600000)]
  0x0000010d99ea8000 JavaThread "Unconstrained build operations Thread 36" [_thread_blocked, id=8896, stack(0x000000072a600000,0x000000072a700000)]
  0x0000010d99eab000 JavaThread "Unconstrained build operations Thread 37" [_thread_blocked, id=12664, stack(0x000000072a700000,0x000000072a800000)]
  0x0000010d99eac000 JavaThread "Unconstrained build operations Thread 38" [_thread_blocked, id=2468, stack(0x000000072a800000,0x000000072a900000)]
  0x0000010d99eae800 JavaThread "Unconstrained build operations Thread 39" [_thread_blocked, id=16336, stack(0x000000072a900000,0x000000072aa00000)]
  0x0000010d99ead000 JavaThread "Unconstrained build operations Thread 40" [_thread_blocked, id=15952, stack(0x000000072aa00000,0x000000072ab00000)]
  0x0000010d99ead800 JavaThread "Unconstrained build operations Thread 41" [_thread_blocked, id=4992, stack(0x000000072ab00000,0x000000072ac00000)]
  0x0000010d99ea9000 JavaThread "Unconstrained build operations Thread 42" [_thread_blocked, id=15456, stack(0x000000072ac00000,0x000000072ad00000)]
  0x0000010d99eaf800 JavaThread "Unconstrained build operations Thread 43" [_thread_blocked, id=16344, stack(0x000000072ad00000,0x000000072ae00000)]
  0x0000010d99ea9800 JavaThread "Unconstrained build operations Thread 44" [_thread_blocked, id=1280, stack(0x000000072ae00000,0x000000072af00000)]
  0x0000010d99eb1000 JavaThread "Unconstrained build operations Thread 45" [_thread_blocked, id=2988, stack(0x000000072af00000,0x000000072b000000)]
  0x0000010d99eb1800 JavaThread "Unconstrained build operations Thread 46" [_thread_blocked, id=1184, stack(0x000000072b000000,0x000000072b100000)]
  0x0000010d99eb2800 JavaThread "Unconstrained build operations Thread 47" [_thread_blocked, id=15620, stack(0x000000072b100000,0x000000072b200000)]
  0x0000010d99eb4000 JavaThread "Unconstrained build operations Thread 48" [_thread_blocked, id=5408, stack(0x000000072b200000,0x000000072b300000)]
  0x0000010d99eb3800 JavaThread "Unconstrained build operations Thread 49" [_thread_blocked, id=11376, stack(0x000000072b300000,0x000000072b400000)]
  0x0000010d99eb5000 JavaThread "Unconstrained build operations Thread 50" [_thread_blocked, id=1404, stack(0x000000072b400000,0x000000072b500000)]
  0x0000010d99eb6000 JavaThread "Unconstrained build operations Thread 51" [_thread_blocked, id=5588, stack(0x000000072b500000,0x000000072b600000)]
  0x0000010d99eb0000 JavaThread "Unconstrained build operations Thread 52" [_thread_blocked, id=15720, stack(0x000000072b600000,0x000000072b700000)]
  0x0000010d99eb6800 JavaThread "Unconstrained build operations Thread 53" [_thread_blocked, id=11472, stack(0x000000072b700000,0x000000072b800000)]
  0x0000010d977d1800 JavaThread "Unconstrained build operations Thread 54" [_thread_blocked, id=9144, stack(0x000000072b800000,0x000000072b900000)]
  0x0000010d977d0000 JavaThread "Unconstrained build operations Thread 55" [_thread_blocked, id=15492, stack(0x000000072b900000,0x000000072ba00000)]
  0x0000010d977cd800 JavaThread "Unconstrained build operations Thread 56" [_thread_blocked, id=10368, stack(0x000000072ba00000,0x000000072bb00000)]
  0x0000010d977d0800 JavaThread "Unconstrained build operations Thread 57" [_thread_blocked, id=16112, stack(0x000000072bb00000,0x000000072bc00000)]
  0x0000010d977cc800 JavaThread "Unconstrained build operations Thread 58" [_thread_blocked, id=5764, stack(0x000000072bc00000,0x000000072bd00000)]
  0x0000010d977d3000 JavaThread "Unconstrained build operations Thread 59" [_thread_blocked, id=12212, stack(0x000000072bd00000,0x000000072be00000)]
  0x0000010d977d2800 JavaThread "Unconstrained build operations Thread 60" [_thread_blocked, id=4524, stack(0x000000072be00000,0x000000072bf00000)]
  0x0000010d977d4000 JavaThread "Unconstrained build operations Thread 61" [_thread_blocked, id=14024, stack(0x000000072bf00000,0x000000072c000000)]
  0x0000010d977ce000 JavaThread "Unconstrained build operations Thread 62" [_thread_blocked, id=13988, stack(0x000000072c000000,0x000000072c100000)]
  0x0000010d977d4800 JavaThread "Unconstrained build operations Thread 63" [_thread_blocked, id=16008, stack(0x000000072c100000,0x000000072c200000)]
  0x0000010d977cf000 JavaThread "Unconstrained build operations Thread 64" [_thread_blocked, id=16364, stack(0x000000072c200000,0x000000072c300000)]
  0x0000010d977da800 JavaThread "Unconstrained build operations Thread 65" [_thread_blocked, id=5912, stack(0x000000072c300000,0x000000072c400000)]
  0x0000010d977d5800 JavaThread "Unconstrained build operations Thread 66" [_thread_blocked, id=9196, stack(0x000000072c400000,0x000000072c500000)]
  0x0000010d977db800 JavaThread "Unconstrained build operations Thread 67" [_thread_blocked, id=14432, stack(0x000000072c500000,0x000000072c600000)]
  0x0000010d977d8000 JavaThread "Unconstrained build operations Thread 68" [_thread_blocked, id=7432, stack(0x000000072c600000,0x000000072c700000)]
  0x0000010d977d6800 JavaThread "Unconstrained build operations Thread 69" [_thread_blocked, id=2164, stack(0x000000072c700000,0x000000072c800000)]
  0x0000010d977d7000 JavaThread "Unconstrained build operations Thread 70" [_thread_blocked, id=8900, stack(0x000000072c800000,0x000000072c900000)]
  0x0000010d977d9000 JavaThread "Unconstrained build operations Thread 71" [_thread_blocked, id=10036, stack(0x000000072c900000,0x000000072ca00000)]
  0x0000010d977d9800 JavaThread "Unconstrained build operations Thread 72" [_thread_blocked, id=13736, stack(0x000000072ca00000,0x000000072cb00000)]
  0x0000010d9090e800 JavaThread "Unconstrained build operations Thread 73" [_thread_blocked, id=3940, stack(0x000000072cb00000,0x000000072cc00000)]
  0x0000010d90909800 JavaThread "Unconstrained build operations Thread 74" [_thread_blocked, id=2808, stack(0x000000072cc00000,0x000000072cd00000)]
  0x0000010d9090a800 JavaThread "Unconstrained build operations Thread 75" [_thread_blocked, id=14980, stack(0x000000072cd00000,0x000000072ce00000)]
  0x0000010d90908800 JavaThread "Unconstrained build operations Thread 76" [_thread_blocked, id=2708, stack(0x000000072ce00000,0x000000072cf00000)]
  0x0000010d90911000 JavaThread "Unconstrained build operations Thread 77" [_thread_blocked, id=13772, stack(0x000000072cf00000,0x000000072d000000)]
  0x0000010d9090d800 JavaThread "Unconstrained build operations Thread 78" [_thread_blocked, id=14364, stack(0x000000072d000000,0x000000072d100000)]
  0x0000010d9090c000 JavaThread "Unconstrained build operations Thread 79" [_thread_blocked, id=10512, stack(0x000000072d100000,0x000000072d200000)]
  0x0000010d9090b000 JavaThread "Unconstrained build operations Thread 80" [_thread_blocked, id=6556, stack(0x000000072d200000,0x000000072d300000)]
  0x0000010d9090f800 JavaThread "build event listener" [_thread_blocked, id=15940, stack(0x000000072d600000,0x000000072d700000)]
  0x0000010d90910000 JavaThread "Execution worker for ':'" [_thread_blocked, id=10012, stack(0x000000072d800000,0x000000072d900000)]
  0x0000010d90911800 JavaThread "Execution worker for ':' Thread 2" [_thread_blocked, id=14348, stack(0x000000072d900000,0x000000072da00000)]
  0x0000010d90912800 JavaThread "Execution worker for ':' Thread 3" [_thread_blocked, id=8272, stack(0x000000072da00000,0x000000072db00000)]
  0x0000010d9090d000 JavaThread "Execution worker for ':' Thread 4" [_thread_blocked, id=5908, stack(0x000000072db00000,0x000000072dc00000)]
  0x0000010d90913800 JavaThread "Execution worker for ':' Thread 5" [_thread_blocked, id=11800, stack(0x000000072dc00000,0x000000072dd00000)]
  0x0000010d90915000 JavaThread "Execution worker for ':' Thread 6" [_thread_blocked, id=15328, stack(0x000000072dd00000,0x000000072de00000)]
  0x0000010d90914000 JavaThread "Execution worker for ':' Thread 7" [_thread_blocked, id=7960, stack(0x000000072de00000,0x000000072df00000)]
  0x0000010d90916000 JavaThread "Cache worker for execution history cache (F:\term_1_year_ 3\CR_424_G _MobileApp\androidApp\dinhTuan_Bai10_Main\.gradle\7.3.3\executionHistory)" [_thread_blocked, id=14476, stack(0x000000072df00000,0x000000072e000000)]
  0x0000010d90917800 JavaThread "WorkerExecutor Queue Thread 2" [_thread_blocked, id=12596, stack(0x000000072e100000,0x000000072e200000)]
  0x0000010d995a4800 JavaThread "WorkerExecutor Queue Thread 3" [_thread_blocked, id=16092, stack(0x000000072e200000,0x000000072e300000)]
  0x0000010d995a0000 JavaThread "WorkerExecutor Queue Thread 4" [_thread_blocked, id=11796, stack(0x000000072e000000,0x000000072e100000)]
  0x0000010d995a3000 JavaThread "WorkerExecutor Queue Thread 5" [_thread_blocked, id=5228, stack(0x000000072e300000,0x000000072e400000)]
  0x0000010d995a6800 JavaThread "WorkerExecutor Queue Thread 6" [_thread_blocked, id=11772, stack(0x000000072e400000,0x000000072e500000)]
  0x0000010d995a5800 JavaThread "WorkerExecutor Queue Thread 7" [_thread_blocked, id=8920, stack(0x000000072e500000,0x000000072e600000)]
  0x0000010d995a0800 JavaThread "WorkerExecutor Queue Thread 9" [_thread_blocked, id=12300, stack(0x000000072e700000,0x000000072e800000)]
  0x0000010d995a2000 JavaThread "WorkerExecutor Queue Thread 10" [_thread_blocked, id=14856, stack(0x000000072e900000,0x000000072ea00000)]
  0x0000010d995a7000 JavaThread "pool-4-thread-1" [_thread_blocked, id=1016, stack(0x000000072ea00000,0x000000072eb00000)]
  0x0000010d995a1800 JavaThread "stderr" [_thread_in_native, id=14544, stack(0x000000072eb00000,0x000000072ec00000)]
  0x0000010d995ac000 JavaThread "stdout" [_thread_in_native, id=3812, stack(0x000000072ec00000,0x000000072ed00000)]
  0x0000010d928e2800 JavaThread "C2 CompilerThread1" daemon [_thread_blocked, id=14900, stack(0x000000072d300000,0x000000072d400000)]
  0x0000010d995a4000 JavaThread "ForkJoinPool-1-worker-3" daemon [_thread_blocked, id=12104, stack(0x000000072e600000,0x000000072e700000)]
  0x0000010d995ad800 JavaThread "ForkJoinPool-1-worker-5" daemon [_thread_blocked, id=10200, stack(0x000000072ed00000,0x000000072ee00000)]
  0x0000010d995ab000 JavaThread "ForkJoinPool-1-worker-7" daemon [_thread_blocked, id=1292, stack(0x000000072ee00000,0x000000072ef00000)]
  0x0000010d995a9000 JavaThread "ForkJoinPool-1-worker-9" daemon [_thread_blocked, id=7188, stack(0x000000072ef00000,0x000000072f000000)]
  0x0000010d995a9800 JavaThread "ForkJoinPool-1-worker-11" daemon [_thread_blocked, id=6216, stack(0x000000072f000000,0x000000072f100000)]
  0x0000010d995aa800 JavaThread "ForkJoinPool-1-worker-13" daemon [_thread_blocked, id=15672, stack(0x000000072f100000,0x000000072f200000)]
  0x0000010d995ad000 JavaThread "ForkJoinPool-1-worker-15" daemon [_thread_blocked, id=10500, stack(0x000000072f200000,0x000000072f300000)]
  0x0000010d995a8000 JavaThread "ForkJoinPool-1-worker-1" daemon [_thread_blocked, id=6084, stack(0x000000072f300000,0x000000072f400000)]

Other Threads:
=>0x0000010d8fa3d000 VMThread "VM Thread" [stack: 0x0000000725400000,0x0000000725500000] [id=14788]
  0x0000010d9054b000 WatcherThread [stack: 0x0000000725e00000,0x0000000725f00000] [id=5548]
  0x0000010df4da5000 GCTaskThread "GC Thread#0" [stack: 0x0000000724f00000,0x0000000725000000] [id=12336]
  0x0000010d90e7f000 GCTaskThread "GC Thread#1" [stack: 0x0000000726000000,0x0000000726100000] [id=14504]
  0x0000010d90e7d000 GCTaskThread "GC Thread#2" [stack: 0x0000000726100000,0x0000000726200000] [id=8084]
  0x0000010d90e80800 GCTaskThread "GC Thread#3" [stack: 0x0000000726b00000,0x0000000726c00000] [id=13972]
  0x0000010d90e81800 GCTaskThread "GC Thread#4" [stack: 0x0000000726c00000,0x0000000726d00000] [id=12496]
  0x0000010d90e82000 GCTaskThread "GC Thread#5" [stack: 0x0000000726d00000,0x0000000726e00000] [id=7276]
  0x0000010d90e82800 GCTaskThread "GC Thread#6" [stack: 0x0000000726e00000,0x0000000726f00000] [id=14440]
  0x0000010d90e7c000 GCTaskThread "GC Thread#7" [stack: 0x0000000726f00000,0x0000000727000000] [id=8076]
  0x0000010df4dd7800 ConcurrentGCThread "G1 Main Marker" [stack: 0x0000000725000000,0x0000000725100000] [id=2376]
  0x0000010df4dd9000 ConcurrentGCThread "G1 Conc#0" [stack: 0x0000000725100000,0x0000000725200000] [id=10912]
  0x0000010d90e7e800 ConcurrentGCThread "G1 Conc#1" [stack: 0x0000000727200000,0x0000000727300000] [id=1668]
  0x0000010d8f890800 ConcurrentGCThread "G1 Refine#0" [stack: 0x0000000725200000,0x0000000725300000] [id=10588]
  0x0000010d97706800 ConcurrentGCThread "G1 Refine#1" [stack: 0x000000072d400000,0x000000072d500000] [id=15556]
  0x0000010d91c33000 ConcurrentGCThread "G1 Refine#2" [stack: 0x000000072d500000,0x000000072d600000] [id=8160]
  0x0000010d8f891000 ConcurrentGCThread "G1 Young RemSet Sampling" [stack: 0x0000000725300000,0x0000000725400000] [id=15316]

Threads with active compile tasks:
C2 CompilerThread08741478 18415 %     4       com.android.tools.r8.dex.j::a @ 313 (1042 bytes)
C2 CompilerThread18741479 18318       4       com.android.tools.r8.code.y1::a (4129 bytes)

VM state:at safepoint (normal execution)

VM Mutex/Monitor currently owned by a thread:  ([mutex/lock_event])
[0x0000010df4d87ae0] Threads_lock - owner thread: 0x0000010d8fa3d000
[0x0000010df4d88c50] Heap_lock - owner thread: 0x0000010d995a4000

Heap address: 0x0000000080000000, size: 2048 MB, Compressed Oops mode: 32-bit
Narrow klass base: 0x0000000000000000, Narrow klass shift: 3
Compressed class space size: 1073741824 Address: 0x0000000100000000

Heap:
 garbage-first heap   total 481280K, used 211968K [0x0000000080000000, 0x0000000100000000)
  region size 1024K, 3 young (3072K), 3 survivors (3072K)
 Metaspace       used 124070K, capacity 126941K, committed 127052K, reserved 1159168K
  class space    used 15628K, capacity 16710K, committed 16716K, reserved 1048576K
Heap Regions: E=young(eden), S=young(survivor), O=old, HS=humongous(starts), HC=humongous(continues), CS=collection set, F=free, A=archive, TAMS=top-at-mark-start (previous, next)
|   0|0x0000000080000000, 0x0000000080100000, 0x0000000080100000|100%| O|  |TAMS 0x0000000080100000, 0x0000000080100000| Untracked 
|   1|0x0000000080100000, 0x0000000080200000, 0x0000000080200000|100%| O|  |TAMS 0x0000000080200000, 0x0000000080200000| Untracked 
|   2|0x0000000080200000, 0x0000000080300000, 0x0000000080300000|100%| O|  |TAMS 0x0000000080300000, 0x0000000080300000| Untracked 
|   3|0x0000000080300000, 0x0000000080400000, 0x0000000080400000|100%|HS|  |TAMS 0x0000000080400000, 0x0000000080400000| Complete 
|   4|0x0000000080400000, 0x0000000080500000, 0x0000000080500000|100%|HC|  |TAMS 0x0000000080500000, 0x0000000080500000| Complete 
|   5|0x0000000080500000, 0x0000000080600000, 0x0000000080600000|100%|HC|  |TAMS 0x0000000080600000, 0x0000000080600000| Complete 
|   6|0x0000000080600000, 0x0000000080700000, 0x0000000080700000|100%| O|  |TAMS 0x0000000080700000, 0x0000000080700000| Untracked 
|   7|0x0000000080700000, 0x0000000080800000, 0x0000000080800000|100%| O|  |TAMS 0x0000000080800000, 0x0000000080800000| Untracked 
|   8|0x0000000080800000, 0x0000000080900000, 0x0000000080900000|100%| O|  |TAMS 0x0000000080900000, 0x0000000080900000| Untracked 
|   9|0x0000000080900000, 0x0000000080a00000, 0x0000000080a00000|100%| O|  |TAMS 0x0000000080a00000, 0x0000000080a00000| Untracked 
|  10|0x0000000080a00000, 0x0000000080b00000, 0x0000000080b00000|100%| O|  |TAMS 0x0000000080b00000, 0x0000000080b00000| Untracked 
|  11|0x0000000080b00000, 0x0000000080c00000, 0x0000000080c00000|100%| O|  |TAMS 0x0000000080c00000, 0x0000000080c00000| Untracked 
|  12|0x0000000080c00000, 0x0000000080d00000, 0x0000000080d00000|100%| O|  |TAMS 0x0000000080d00000, 0x0000000080d00000| Untracked 
|  13|0x0000000080d00000, 0x0000000080e00000, 0x0000000080e00000|100%| O|  |TAMS 0x0000000080e00000, 0x0000000080e00000| Untracked 
|  14|0x0000000080e00000, 0x0000000080f00000, 0x0000000080f00000|100%| O|  |TAMS 0x0000000080f00000, 0x0000000080f00000| Untracked 
|  15|0x0000000080f00000, 0x0000000081000000, 0x0000000081000000|100%| O|  |TAMS 0x0000000081000000, 0x0000000081000000| Untracked 
|  16|0x0000000081000000, 0x0000000081100000, 0x0000000081100000|100%|HS|  |TAMS 0x0000000081100000, 0x0000000081100000| Complete 
|  17|0x0000000081100000, 0x0000000081200000, 0x0000000081200000|100%|HC|  |TAMS 0x0000000081200000, 0x0000000081200000| Complete 
|  18|0x0000000081200000, 0x0000000081300000, 0x0000000081300000|100%|HS|  |TAMS 0x0000000081300000, 0x0000000081300000| Complete 
|  19|0x0000000081300000, 0x0000000081400000, 0x0000000081400000|100%|HC|  |TAMS 0x0000000081400000, 0x0000000081400000| Complete 
|  20|0x0000000081400000, 0x0000000081500000, 0x0000000081500000|100%|HC|  |TAMS 0x0000000081500000, 0x0000000081500000| Complete 
|  21|0x0000000081500000, 0x0000000081600000, 0x0000000081600000|100%|HS|  |TAMS 0x0000000081600000, 0x0000000081600000| Complete 
|  22|0x0000000081600000, 0x0000000081700000, 0x0000000081700000|100%|HS|  |TAMS 0x0000000081700000, 0x0000000081700000| Complete 
|  23|0x0000000081700000, 0x0000000081800000, 0x0000000081800000|100%|HC|  |TAMS 0x0000000081800000, 0x0000000081800000| Complete 
|  24|0x0000000081800000, 0x0000000081900000, 0x0000000081900000|100%|HC|  |TAMS 0x0000000081900000, 0x0000000081900000| Complete 
|  25|0x0000000081900000, 0x0000000081a00000, 0x0000000081a00000|100%|HC|  |TAMS 0x0000000081a00000, 0x0000000081a00000| Complete 
|  26|0x0000000081a00000, 0x0000000081b00000, 0x0000000081b00000|100%| O|  |TAMS 0x0000000081b00000, 0x0000000081b00000| Untracked 
|  27|0x0000000081b00000, 0x0000000081c00000, 0x0000000081c00000|100%| O|  |TAMS 0x0000000081c00000, 0x0000000081c00000| Untracked 
|  28|0x0000000081c00000, 0x0000000081d00000, 0x0000000081d00000|100%| O|  |TAMS 0x0000000081d00000, 0x0000000081d00000| Untracked 
|  29|0x0000000081d00000, 0x0000000081e00000, 0x0000000081e00000|100%| O|  |TAMS 0x0000000081e00000, 0x0000000081e00000| Untracked 
|  30|0x0000000081e00000, 0x0000000081f00000, 0x0000000081f00000|100%| O|  |TAMS 0x0000000081f00000, 0x0000000081f00000| Untracked 
|  31|0x0000000081f00000, 0x0000000082000000, 0x0000000082000000|100%| O|  |TAMS 0x0000000082000000, 0x0000000082000000| Untracked 
|  32|0x0000000082000000, 0x0000000082100000, 0x0000000082100000|100%| O|  |TAMS 0x0000000082100000, 0x0000000082100000| Untracked 
|  33|0x0000000082100000, 0x0000000082200000, 0x0000000082200000|100%| O|  |TAMS 0x0000000082200000, 0x0000000082200000| Untracked 
|  34|0x0000000082200000, 0x0000000082300000, 0x0000000082300000|100%|HS|  |TAMS 0x0000000082300000, 0x0000000082300000| Complete 
|  35|0x0000000082300000, 0x0000000082400000, 0x0000000082400000|100%|HC|  |TAMS 0x0000000082400000, 0x0000000082400000| Complete 
|  36|0x0000000082400000, 0x0000000082500000, 0x0000000082500000|100%|HC|  |TAMS 0x0000000082500000, 0x0000000082500000| Complete 
|  37|0x0000000082500000, 0x0000000082600000, 0x0000000082600000|100%|HS|  |TAMS 0x0000000082600000, 0x0000000082600000| Complete 
|  38|0x0000000082600000, 0x0000000082700000, 0x0000000082700000|100%| O|  |TAMS 0x0000000082700000, 0x0000000082700000| Untracked 
|  39|0x0000000082700000, 0x0000000082800000, 0x0000000082800000|100%| O|  |TAMS 0x0000000082800000, 0x0000000082800000| Untracked 
|  40|0x0000000082800000, 0x0000000082900000, 0x0000000082900000|100%| O|  |TAMS 0x0000000082900000, 0x0000000082900000| Untracked 
|  41|0x0000000082900000, 0x0000000082a00000, 0x0000000082a00000|100%| O|  |TAMS 0x0000000082a00000, 0x0000000082a00000| Untracked 
|  42|0x0000000082a00000, 0x0000000082b00000, 0x0000000082b00000|100%| O|  |TAMS 0x0000000082b00000, 0x0000000082b00000| Untracked 
|  43|0x0000000082b00000, 0x0000000082c00000, 0x0000000082c00000|100%|HS|  |TAMS 0x0000000082c00000, 0x0000000082c00000| Complete 
|  44|0x0000000082c00000, 0x0000000082d00000, 0x0000000082d00000|100%|HC|  |TAMS 0x0000000082d00000, 0x0000000082d00000| Complete 
|  45|0x0000000082d00000, 0x0000000082e00000, 0x0000000082e00000|100%|HC|  |TAMS 0x0000000082e00000, 0x0000000082e00000| Complete 
|  46|0x0000000082e00000, 0x0000000082f00000, 0x0000000082f00000|100%|HC|  |TAMS 0x0000000082f00000, 0x0000000082f00000| Complete 
|  47|0x0000000082f00000, 0x0000000083000000, 0x0000000083000000|100%| O|  |TAMS 0x0000000083000000, 0x0000000083000000| Untracked 
|  48|0x0000000083000000, 0x0000000083100000, 0x0000000083100000|100%| O|  |TAMS 0x0000000083100000, 0x0000000083100000| Untracked 
|  49|0x0000000083100000, 0x0000000083200000, 0x0000000083200000|100%| O|  |TAMS 0x0000000083200000, 0x0000000083200000| Untracked 
|  50|0x0000000083200000, 0x0000000083300000, 0x0000000083300000|100%| O|  |TAMS 0x0000000083300000, 0x0000000083300000| Untracked 
|  51|0x0000000083300000, 0x0000000083400000, 0x0000000083400000|100%| O|  |TAMS 0x0000000083400000, 0x0000000083400000| Untracked 
|  52|0x0000000083400000, 0x0000000083500000, 0x0000000083500000|100%| O|  |TAMS 0x0000000083500000, 0x0000000083500000| Untracked 
|  53|0x0000000083500000, 0x0000000083600000, 0x0000000083600000|100%| O|  |TAMS 0x0000000083500000, 0x0000000083600000| Untracked 
|  54|0x0000000083600000, 0x0000000083700000, 0x0000000083700000|100%| O|  |TAMS 0x0000000083700000, 0x0000000083700000| Untracked 
|  55|0x0000000083700000, 0x0000000083800000, 0x0000000083800000|100%| O|  |TAMS 0x0000000083700000, 0x0000000083800000| Untracked 
|  56|0x0000000083800000, 0x0000000083900000, 0x0000000083900000|100%| O|  |TAMS 0x0000000083900000, 0x0000000083900000| Untracked 
|  57|0x0000000083900000, 0x0000000083a00000, 0x0000000083a00000|100%| O|  |TAMS 0x0000000083a00000, 0x0000000083a00000| Untracked 
|  58|0x0000000083a00000, 0x0000000083b00000, 0x0000000083b00000|100%|HS|  |TAMS 0x0000000083b00000, 0x0000000083b00000| Complete 
|  59|0x0000000083b00000, 0x0000000083c00000, 0x0000000083c00000|100%|HS|  |TAMS 0x0000000083c00000, 0x0000000083c00000| Complete 
|  60|0x0000000083c00000, 0x0000000083d00000, 0x0000000083d00000|100%|HS|  |TAMS 0x0000000083d00000, 0x0000000083d00000| Complete 
|  61|0x0000000083d00000, 0x0000000083e00000, 0x0000000083e00000|100%|HC|  |TAMS 0x0000000083e00000, 0x0000000083e00000| Complete 
|  62|0x0000000083e00000, 0x0000000083f00000, 0x0000000083f00000|100%| O|  |TAMS 0x0000000083f00000, 0x0000000083f00000| Untracked 
|  63|0x0000000083f00000, 0x0000000084000000, 0x0000000084000000|100%| O|  |TAMS 0x0000000084000000, 0x0000000084000000| Untracked 
|  64|0x0000000084000000, 0x0000000084100000, 0x0000000084100000|100%| O|  |TAMS 0x0000000084100000, 0x0000000084100000| Untracked 
|  65|0x0000000084100000, 0x0000000084200000, 0x0000000084200000|100%| O|  |TAMS 0x0000000084200000, 0x0000000084200000| Untracked 
|  66|0x0000000084200000, 0x0000000084300000, 0x0000000084300000|100%| O|  |TAMS 0x0000000084300000, 0x0000000084300000| Untracked 
|  67|0x0000000084300000, 0x0000000084400000, 0x0000000084400000|100%| O|  |TAMS 0x0000000084400000, 0x0000000084400000| Untracked 
|  68|0x0000000084400000, 0x0000000084500000, 0x0000000084500000|100%| O|  |TAMS 0x0000000084500000, 0x0000000084500000| Untracked 
|  69|0x0000000084500000, 0x0000000084600000, 0x0000000084600000|100%| O|  |TAMS 0x0000000084600000, 0x0000000084600000| Untracked 
|  70|0x0000000084600000, 0x0000000084700000, 0x0000000084700000|100%| O|  |TAMS 0x0000000084700000, 0x0000000084700000| Untracked 
|  71|0x0000000084700000, 0x0000000084800000, 0x0000000084800000|100%| O|  |TAMS 0x0000000084800000, 0x0000000084800000| Untracked 
|  72|0x0000000084800000, 0x0000000084900000, 0x0000000084900000|100%| O|  |TAMS 0x0000000084900000, 0x0000000084900000| Untracked 
|  73|0x0000000084900000, 0x0000000084a00000, 0x0000000084a00000|100%| O|  |TAMS 0x0000000084a00000, 0x0000000084a00000| Untracked 
|  74|0x0000000084a00000, 0x0000000084b00000, 0x0000000084b00000|100%| O|  |TAMS 0x0000000084b00000, 0x0000000084b00000| Untracked 
|  75|0x0000000084b00000, 0x0000000084c00000, 0x0000000084c00000|100%| O|  |TAMS 0x0000000084c00000, 0x0000000084c00000| Untracked 
|  76|0x0000000084c00000, 0x0000000084d00000, 0x0000000084d00000|100%| O|  |TAMS 0x0000000084d00000, 0x0000000084d00000| Untracked 
|  77|0x0000000084d00000, 0x0000000084e00000, 0x0000000084e00000|100%| O|  |TAMS 0x0000000084e00000, 0x0000000084e00000| Untracked 
|  78|0x0000000084e00000, 0x0000000084f00000, 0x0000000084f00000|100%| O|  |TAMS 0x0000000084f00000, 0x0000000084f00000| Untracked 
|  79|0x0000000084f00000, 0x0000000085000000, 0x0000000085000000|100%| O|  |TAMS 0x0000000085000000, 0x0000000085000000| Untracked 
|  80|0x0000000085000000, 0x0000000085100000, 0x0000000085100000|100%| O|  |TAMS 0x0000000085100000, 0x0000000085100000| Untracked 
|  81|0x0000000085100000, 0x0000000085200000, 0x0000000085200000|100%|HS|  |TAMS 0x0000000085200000, 0x0000000085200000| Complete 
|  82|0x0000000085200000, 0x0000000085300000, 0x0000000085300000|100%|HC|  |TAMS 0x0000000085300000, 0x0000000085300000| Complete 
|  83|0x0000000085300000, 0x0000000085400000, 0x0000000085400000|100%|HS|  |TAMS 0x0000000085400000, 0x0000000085400000| Complete 
|  84|0x0000000085400000, 0x0000000085500000, 0x0000000085500000|100%|HC|  |TAMS 0x0000000085500000, 0x0000000085500000| Complete 
|  85|0x0000000085500000, 0x0000000085600000, 0x0000000085600000|100%|HC|  |TAMS 0x0000000085600000, 0x0000000085600000| Complete 
|  86|0x0000000085600000, 0x0000000085700000, 0x0000000085700000|100%| O|  |TAMS 0x0000000085700000, 0x0000000085700000| Untracked 
|  87|0x0000000085700000, 0x0000000085800000, 0x0000000085800000|100%| O|  |TAMS 0x0000000085800000, 0x0000000085800000| Untracked 
|  88|0x0000000085800000, 0x0000000085900000, 0x0000000085900000|100%| O|  |TAMS 0x0000000085900000, 0x0000000085900000| Untracked 
|  89|0x0000000085900000, 0x0000000085a00000, 0x0000000085a00000|100%|HS|  |TAMS 0x0000000085a00000, 0x0000000085a00000| Complete 
|  90|0x0000000085a00000, 0x0000000085b00000, 0x0000000085b00000|100%|HS|  |TAMS 0x0000000085b00000, 0x0000000085b00000| Complete 
|  91|0x0000000085b00000, 0x0000000085c00000, 0x0000000085c00000|100%|HC|  |TAMS 0x0000000085c00000, 0x0000000085c00000| Complete 
|  92|0x0000000085c00000, 0x0000000085d00000, 0x0000000085d00000|100%|HC|  |TAMS 0x0000000085d00000, 0x0000000085d00000| Complete 
|  93|0x0000000085d00000, 0x0000000085e00000, 0x0000000085e00000|100%|HC|  |TAMS 0x0000000085e00000, 0x0000000085e00000| Complete 
|  94|0x0000000085e00000, 0x0000000085f00000, 0x0000000085f00000|100%| O|  |TAMS 0x0000000085f00000, 0x0000000085f00000| Untracked 
|  95|0x0000000085f00000, 0x0000000086000000, 0x0000000086000000|100%| O|  |TAMS 0x0000000086000000, 0x0000000086000000| Untracked 
|  96|0x0000000086000000, 0x0000000086100000, 0x0000000086100000|100%| O|  |TAMS 0x0000000086100000, 0x0000000086100000| Untracked 
|  97|0x0000000086100000, 0x0000000086200000, 0x0000000086200000|100%| O|  |TAMS 0x0000000086200000, 0x0000000086200000| Untracked 
|  98|0x0000000086200000, 0x0000000086300000, 0x0000000086300000|100%| O|  |TAMS 0x0000000086300000, 0x0000000086300000| Untracked 
|  99|0x0000000086300000, 0x0000000086400000, 0x0000000086400000|100%| O|  |TAMS 0x0000000086400000, 0x0000000086400000| Untracked 
| 100|0x0000000086400000, 0x0000000086500000, 0x0000000086500000|100%| O|  |TAMS 0x0000000086500000, 0x0000000086500000| Untracked 
| 101|0x0000000086500000, 0x0000000086600000, 0x0000000086600000|100%| O|  |TAMS 0x0000000086600000, 0x0000000086600000| Untracked 
| 102|0x0000000086600000, 0x0000000086700000, 0x0000000086700000|100%| O|  |TAMS 0x0000000086700000, 0x0000000086700000| Untracked 
| 103|0x0000000086700000, 0x0000000086800000, 0x0000000086800000|100%| O|  |TAMS 0x0000000086800000, 0x0000000086800000| Untracked 
| 104|0x0000000086800000, 0x0000000086900000, 0x0000000086900000|100%| O|  |TAMS 0x0000000086900000, 0x0000000086900000| Untracked 
| 105|0x0000000086900000, 0x0000000086a00000, 0x0000000086a00000|100%| O|  |TAMS 0x0000000086a00000, 0x0000000086a00000| Untracked 
| 106|0x0000000086a00000, 0x0000000086b00000, 0x0000000086b00000|100%| O|  |TAMS 0x0000000086b00000, 0x0000000086b00000| Untracked 
| 107|0x0000000086b00000, 0x0000000086c00000, 0x0000000086c00000|100%| O|  |TAMS 0x0000000086b00000, 0x0000000086c00000| Untracked 
| 108|0x0000000086c00000, 0x0000000086d00000, 0x0000000086d00000|100%| O|  |TAMS 0x0000000086d00000, 0x0000000086d00000| Untracked 
| 109|0x0000000086d00000, 0x0000000086e00000, 0x0000000086e00000|100%| O|  |TAMS 0x0000000086e00000, 0x0000000086e00000| Untracked 
| 110|0x0000000086e00000, 0x0000000086f00000, 0x0000000086f00000|100%| O|  |TAMS 0x0000000086f00000, 0x0000000086f00000| Untracked 
| 111|0x0000000086f00000, 0x0000000087000000, 0x0000000087000000|100%| O|  |TAMS 0x0000000087000000, 0x0000000087000000| Untracked 
| 112|0x0000000087000000, 0x0000000087100000, 0x0000000087100000|100%| O|  |TAMS 0x0000000087100000, 0x0000000087100000| Untracked 
| 113|0x0000000087100000, 0x0000000087200000, 0x0000000087200000|100%| O|  |TAMS 0x0000000087200000, 0x0000000087200000| Untracked 
| 114|0x0000000087200000, 0x0000000087300000, 0x0000000087300000|100%| O|  |TAMS 0x0000000087300000, 0x0000000087300000| Untracked 
| 115|0x0000000087300000, 0x0000000087400000, 0x0000000087400000|100%| O|  |TAMS 0x0000000087400000, 0x0000000087400000| Untracked 
| 116|0x0000000087400000, 0x0000000087500000, 0x0000000087500000|100%| O|  |TAMS 0x0000000087500000, 0x0000000087500000| Untracked 
| 117|0x0000000087500000, 0x0000000087600000, 0x0000000087600000|100%| O|  |TAMS 0x0000000087500000, 0x0000000087600000| Untracked 
| 118|0x0000000087600000, 0x0000000087700000, 0x0000000087700000|100%| O|  |TAMS 0x0000000087600000, 0x0000000087700000| Untracked 
| 119|0x0000000087700000, 0x0000000087800000, 0x0000000087800000|100%| O|  |TAMS 0x0000000087800000, 0x0000000087800000| Untracked 
| 120|0x0000000087800000, 0x0000000087900000, 0x0000000087900000|100%| O|  |TAMS 0x0000000087900000, 0x0000000087900000| Untracked 
| 121|0x0000000087900000, 0x0000000087a00000, 0x0000000087a00000|100%| O|  |TAMS 0x0000000087900000, 0x0000000087a00000| Untracked 
| 122|0x0000000087a00000, 0x0000000087b00000, 0x0000000087b00000|100%| O|  |TAMS 0x0000000087a00000, 0x0000000087b00000| Untracked 
| 123|0x0000000087b00000, 0x0000000087c00000, 0x0000000087c00000|100%| O|  |TAMS 0x0000000087c00000, 0x0000000087c00000| Untracked 
| 124|0x0000000087c00000, 0x0000000087d00000, 0x0000000087d00000|100%|HS|  |TAMS 0x0000000087d00000, 0x0000000087d00000| Complete 
| 125|0x0000000087d00000, 0x0000000087e00000, 0x0000000087e00000|100%|HC|  |TAMS 0x0000000087e00000, 0x0000000087e00000| Complete 
| 126|0x0000000087e00000, 0x0000000087f00000, 0x0000000087f00000|100%|HS|  |TAMS 0x0000000087f00000, 0x0000000087f00000| Complete 
| 127|0x0000000087f00000, 0x0000000088000000, 0x0000000088000000|100%|HS|  |TAMS 0x0000000088000000, 0x0000000088000000| Complete 
| 128|0x0000000088000000, 0x0000000088100000, 0x0000000088100000|100%|HC|  |TAMS 0x0000000088100000, 0x0000000088100000| Complete 
| 129|0x0000000088100000, 0x0000000088200000, 0x0000000088200000|100%|HS|  |TAMS 0x0000000088200000, 0x0000000088200000| Complete 
| 130|0x0000000088200000, 0x0000000088300000, 0x0000000088300000|100%|HS|  |TAMS 0x0000000088300000, 0x0000000088300000| Complete 
| 131|0x0000000088300000, 0x0000000088400000, 0x0000000088400000|100%|HC|  |TAMS 0x0000000088400000, 0x0000000088400000| Complete 
| 132|0x0000000088400000, 0x0000000088500000, 0x0000000088500000|100%|HS|  |TAMS 0x0000000088500000, 0x0000000088500000| Complete 
| 133|0x0000000088500000, 0x0000000088600000, 0x0000000088600000|100%|HC|  |TAMS 0x0000000088600000, 0x0000000088600000| Complete 
| 134|0x0000000088600000, 0x0000000088700000, 0x0000000088700000|100%|HC|  |TAMS 0x0000000088700000, 0x0000000088700000| Complete 
| 135|0x0000000088700000, 0x0000000088800000, 0x0000000088800000|100%|HS|  |TAMS 0x0000000088700000, 0x0000000088800000| Complete 
| 136|0x0000000088800000, 0x0000000088900000, 0x0000000088900000|100%|HS|  |TAMS 0x0000000088800000, 0x0000000088900000| Complete 
| 137|0x0000000088900000, 0x0000000088a00000, 0x0000000088a00000|100%| O|  |TAMS 0x0000000088900000, 0x0000000088a00000| Untracked 
| 138|0x0000000088a00000, 0x0000000088b00000, 0x0000000088b00000|100%|HS|  |TAMS 0x0000000088b00000, 0x0000000088b00000| Complete 
| 139|0x0000000088b00000, 0x0000000088c00000, 0x0000000088c00000|100%|HC|  |TAMS 0x0000000088c00000, 0x0000000088c00000| Complete 
| 140|0x0000000088c00000, 0x0000000088d00000, 0x0000000088d00000|100%| O|  |TAMS 0x0000000088c00000, 0x0000000088d00000| Untracked 
| 141|0x0000000088d00000, 0x0000000088e00000, 0x0000000088e00000|100%|HS|  |TAMS 0x0000000088e00000, 0x0000000088e00000| Complete 
| 142|0x0000000088e00000, 0x0000000088f00000, 0x0000000088f00000|100%| O|  |TAMS 0x0000000088e00000, 0x0000000088f00000| Untracked 
| 143|0x0000000088f00000, 0x0000000089000000, 0x0000000089000000|100%| O|  |TAMS 0x0000000089000000, 0x0000000089000000| Untracked 
| 144|0x0000000089000000, 0x0000000089100000, 0x0000000089100000|100%| O|  |TAMS 0x0000000089100000, 0x0000000089100000| Untracked 
| 145|0x0000000089100000, 0x0000000089200000, 0x0000000089200000|100%| O|  |TAMS 0x0000000089200000, 0x0000000089200000| Untracked 
| 146|0x0000000089200000, 0x0000000089300000, 0x0000000089300000|100%| O|  |TAMS 0x0000000089300000, 0x0000000089300000| Untracked 
| 147|0x0000000089300000, 0x0000000089400000, 0x0000000089400000|100%|HS|  |TAMS 0x0000000089400000, 0x0000000089400000| Complete 
| 148|0x0000000089400000, 0x0000000089500000, 0x0000000089500000|100%| O|  |TAMS 0x0000000089400000, 0x0000000089500000| Untracked 
| 149|0x0000000089500000, 0x0000000089600000, 0x0000000089600000|100%| O|  |TAMS 0x0000000089500000, 0x0000000089600000| Untracked 
| 150|0x0000000089600000, 0x0000000089700000, 0x0000000089700000|100%| O|  |TAMS 0x0000000089600000, 0x0000000089700000| Untracked 
| 151|0x0000000089700000, 0x0000000089800000, 0x0000000089800000|100%|HS|  |TAMS 0x0000000089800000, 0x0000000089800000| Complete 
| 152|0x0000000089800000, 0x0000000089900000, 0x0000000089900000|100%|HC|  |TAMS 0x0000000089900000, 0x0000000089900000| Complete 
| 153|0x0000000089900000, 0x0000000089a00000, 0x0000000089a00000|100%| O|  |TAMS 0x0000000089900000, 0x0000000089a00000| Untracked 
| 154|0x0000000089a00000, 0x0000000089b00000, 0x0000000089b00000|100%| O|  |TAMS 0x0000000089a00000, 0x0000000089b00000| Untracked 
| 155|0x0000000089b00000, 0x0000000089c00000, 0x0000000089c00000|100%| O|  |TAMS 0x0000000089b00000, 0x0000000089c00000| Untracked 
| 156|0x0000000089c00000, 0x0000000089d00000, 0x0000000089d00000|100%|HS|  |TAMS 0x0000000089d00000, 0x0000000089d00000| Complete 
| 157|0x0000000089d00000, 0x0000000089e00000, 0x0000000089e00000|100%|HC|  |TAMS 0x0000000089e00000, 0x0000000089e00000| Complete 
| 158|0x0000000089e00000, 0x0000000089f00000, 0x0000000089f00000|100%| O|  |TAMS 0x0000000089e00000, 0x0000000089f00000| Untracked 
| 159|0x0000000089f00000, 0x000000008a000000, 0x000000008a000000|100%| O|  |TAMS 0x0000000089f00000, 0x000000008a000000| Untracked 
| 160|0x000000008a000000, 0x000000008a100000, 0x000000008a100000|100%| O|  |TAMS 0x000000008a000000, 0x000000008a100000| Untracked 
| 161|0x000000008a100000, 0x000000008a200000, 0x000000008a200000|100%| O|  |TAMS 0x000000008a100000, 0x000000008a200000| Untracked 
| 162|0x000000008a200000, 0x000000008a300000, 0x000000008a300000|100%| O|  |TAMS 0x000000008a200000, 0x000000008a300000| Untracked 
| 163|0x000000008a300000, 0x000000008a400000, 0x000000008a400000|100%| O|  |TAMS 0x000000008a300000, 0x000000008a400000| Untracked 
| 164|0x000000008a400000, 0x000000008a500000, 0x000000008a500000|100%|HS|  |TAMS 0x000000008a500000, 0x000000008a500000| Complete 
| 165|0x000000008a500000, 0x000000008a600000, 0x000000008a600000|100%|HC|  |TAMS 0x000000008a600000, 0x000000008a600000| Complete 
| 166|0x000000008a600000, 0x000000008a700000, 0x000000008a700000|100%|HC|  |TAMS 0x000000008a700000, 0x000000008a700000| Complete 
| 167|0x000000008a700000, 0x000000008a800000, 0x000000008a800000|100%| O|  |TAMS 0x000000008a800000, 0x000000008a800000| Untracked 
| 168|0x000000008a800000, 0x000000008a900000, 0x000000008a900000|100%| O|  |TAMS 0x000000008a900000, 0x000000008a900000| Untracked 
| 169|0x000000008a900000, 0x000000008aa00000, 0x000000008aa00000|100%| O|  |TAMS 0x000000008aa00000, 0x000000008aa00000| Untracked 
| 170|0x000000008aa00000, 0x000000008ab00000, 0x000000008ab00000|100%| O|  |TAMS 0x000000008ab00000, 0x000000008ab00000| Untracked 
| 171|0x000000008ab00000, 0x000000008ac00000, 0x000000008ac00000|100%| O|  |TAMS 0x000000008ac00000, 0x000000008ac00000| Untracked 
| 172|0x000000008ac00000, 0x000000008ad00000, 0x000000008ad00000|100%| O|  |TAMS 0x000000008ad00000, 0x000000008ad00000| Untracked 
| 173|0x000000008ad00000, 0x000000008ae00000, 0x000000008ae00000|100%| O|  |TAMS 0x000000008ae00000, 0x000000008ae00000| Untracked 
| 174|0x000000008ae00000, 0x000000008af00000, 0x000000008af00000|100%| O|  |TAMS 0x000000008af00000, 0x000000008af00000| Untracked 
| 175|0x000000008af00000, 0x000000008b000000, 0x000000008b000000|100%| O|  |TAMS 0x000000008b000000, 0x000000008b000000| Untracked 
| 176|0x000000008b000000, 0x000000008b100000, 0x000000008b100000|100%| O|  |TAMS 0x000000008b100000, 0x000000008b100000| Untracked 
| 177|0x000000008b100000, 0x000000008b200000, 0x000000008b200000|100%| O|  |TAMS 0x000000008b200000, 0x000000008b200000| Untracked 
| 178|0x000000008b200000, 0x000000008b300000, 0x000000008b300000|100%| O|  |TAMS 0x000000008b22f600, 0x000000008b300000| Untracked 
| 179|0x000000008b300000, 0x000000008b400000, 0x000000008b400000|100%| O|  |TAMS 0x000000008b300000, 0x000000008b400000| Untracked 
| 180|0x000000008b400000, 0x000000008b500000, 0x000000008b500000|100%| O|  |TAMS 0x000000008b400000, 0x000000008b500000| Untracked 
| 181|0x000000008b500000, 0x000000008b600000, 0x000000008b600000|100%| O|  |TAMS 0x000000008b500000, 0x000000008b600000| Untracked 
| 182|0x000000008b600000, 0x000000008b700000, 0x000000008b700000|100%| O|  |TAMS 0x000000008b600000, 0x000000008b700000| Untracked 
| 183|0x000000008b700000, 0x000000008b800000, 0x000000008b800000|100%| O|  |TAMS 0x000000008b700000, 0x000000008b800000| Untracked 
| 184|0x000000008b800000, 0x000000008b900000, 0x000000008b900000|100%| O|  |TAMS 0x000000008b800000, 0x000000008b900000| Untracked 
| 185|0x000000008b900000, 0x000000008ba00000, 0x000000008ba00000|100%| O|  |TAMS 0x000000008b900000, 0x000000008ba00000| Untracked 
| 186|0x000000008ba00000, 0x000000008bb00000, 0x000000008bb00000|100%| O|  |TAMS 0x000000008ba00000, 0x000000008bb00000| Untracked 
| 187|0x000000008bb00000, 0x000000008bc00000, 0x000000008bc00000|100%| O|  |TAMS 0x000000008bb00000, 0x000000008bc00000| Untracked 
| 188|0x000000008bc00000, 0x000000008bd00000, 0x000000008bd00000|100%| O|  |TAMS 0x000000008bc00000, 0x000000008bd00000| Untracked 
| 189|0x000000008bd00000, 0x000000008be00000, 0x000000008be00000|100%| O|  |TAMS 0x000000008bd00000, 0x000000008be00000| Untracked 
| 190|0x000000008be00000, 0x000000008bf00000, 0x000000008bf00000|100%| O|  |TAMS 0x000000008be00000, 0x000000008bf00000| Untracked 
| 191|0x000000008bf00000, 0x000000008c000000, 0x000000008c000000|100%| O|  |TAMS 0x000000008bf00000, 0x000000008c000000| Untracked 
| 192|0x000000008c000000, 0x000000008c100000, 0x000000008c100000|100%| O|  |TAMS 0x000000008c000000, 0x000000008c03ea00| Untracked 
| 193|0x000000008c100000, 0x000000008c200000, 0x000000008c200000|100%| O|  |TAMS 0x000000008c100000, 0x000000008c100000| Untracked 
| 194|0x000000008c200000, 0x000000008c300000, 0x000000008c300000|100%| O|  |TAMS 0x000000008c200000, 0x000000008c200000| Untracked 
| 195|0x000000008c300000, 0x000000008c400000, 0x000000008c400000|100%| O|  |TAMS 0x000000008c300000, 0x000000008c300000| Untracked 
| 196|0x000000008c400000, 0x000000008c500000, 0x000000008c500000|100%| O|  |TAMS 0x000000008c400000, 0x000000008c400000| Untracked 
| 197|0x000000008c500000, 0x000000008c600000, 0x000000008c600000|100%| O|  |TAMS 0x000000008c500000, 0x000000008c500000| Untracked 
| 198|0x000000008c600000, 0x000000008c700000, 0x000000008c700000|100%| O|  |TAMS 0x000000008c600000, 0x000000008c600000| Untracked 
| 199|0x000000008c700000, 0x000000008c800000, 0x000000008c800000|100%| O|  |TAMS 0x000000008c700000, 0x000000008c700000| Untracked 
| 200|0x000000008c800000, 0x000000008c900000, 0x000000008c900000|100%| O|  |TAMS 0x000000008c800000, 0x000000008c800000| Untracked 
| 201|0x000000008c900000, 0x000000008ca00000, 0x000000008ca00000|100%| O|  |TAMS 0x000000008c900000, 0x000000008c900000| Untracked 
| 202|0x000000008ca00000, 0x000000008cb00000, 0x000000008cb00000|100%| O|  |TAMS 0x000000008ca00000, 0x000000008ca00000| Untracked 
| 203|0x000000008cb00000, 0x000000008cc00000, 0x000000008cc00000|100%| O|  |TAMS 0x000000008cb00000, 0x000000008cb00000| Untracked 
| 204|0x000000008cc00000, 0x000000008cc00000, 0x000000008cd00000|  0%| F|  |TAMS 0x000000008cc00000, 0x000000008cc00000| Untracked 
| 205|0x000000008cd00000, 0x000000008cd00000, 0x000000008ce00000|  0%| F|  |TAMS 0x000000008cd00000, 0x000000008cd00000| Untracked 
| 206|0x000000008ce00000, 0x000000008ce00000, 0x000000008cf00000|  0%| F|  |TAMS 0x000000008ce00000, 0x000000008ce00000| Untracked 
| 207|0x000000008cf00000, 0x000000008cf00000, 0x000000008d000000|  0%| F|  |TAMS 0x000000008cf00000, 0x000000008cf00000| Untracked 
| 208|0x000000008d000000, 0x000000008d000000, 0x000000008d100000|  0%| F|  |TAMS 0x000000008d000000, 0x000000008d000000| Untracked 
| 209|0x000000008d100000, 0x000000008d100000, 0x000000008d200000|  0%| F|  |TAMS 0x000000008d100000, 0x000000008d100000| Untracked 
| 210|0x000000008d200000, 0x000000008d200000, 0x000000008d300000|  0%| F|  |TAMS 0x000000008d200000, 0x000000008d200000| Untracked 
| 211|0x000000008d300000, 0x000000008d300000, 0x000000008d400000|  0%| F|  |TAMS 0x000000008d300000, 0x000000008d300000| Untracked 
| 212|0x000000008d400000, 0x000000008d400000, 0x000000008d500000|  0%| F|  |TAMS 0x000000008d400000, 0x000000008d400000| Untracked 
| 213|0x000000008d500000, 0x000000008d500000, 0x000000008d600000|  0%| F|  |TAMS 0x000000008d500000, 0x000000008d500000| Untracked 
| 214|0x000000008d600000, 0x000000008d600000, 0x000000008d700000|  0%| F|  |TAMS 0x000000008d600000, 0x000000008d600000| Untracked 
| 215|0x000000008d700000, 0x000000008d700000, 0x000000008d800000|  0%| F|  |TAMS 0x000000008d700000, 0x000000008d700000| Untracked 
| 216|0x000000008d800000, 0x000000008d800000, 0x000000008d900000|  0%| F|  |TAMS 0x000000008d800000, 0x000000008d800000| Untracked 
| 217|0x000000008d900000, 0x000000008d900000, 0x000000008da00000|  0%| F|  |TAMS 0x000000008d900000, 0x000000008d900000| Untracked 
| 218|0x000000008da00000, 0x000000008da00000, 0x000000008db00000|  0%| F|  |TAMS 0x000000008da00000, 0x000000008da00000| Untracked 
| 219|0x000000008db00000, 0x000000008db00000, 0x000000008dc00000|  0%| F|  |TAMS 0x000000008db00000, 0x000000008db00000| Untracked 
| 220|0x000000008dc00000, 0x000000008dc00000, 0x000000008dd00000|  0%| F|  |TAMS 0x000000008dc00000, 0x000000008dc00000| Untracked 
| 221|0x000000008dd00000, 0x000000008dd00000, 0x000000008de00000|  0%| F|  |TAMS 0x000000008dd00000, 0x000000008dd00000| Untracked 
| 222|0x000000008de00000, 0x000000008de00000, 0x000000008df00000|  0%| F|  |TAMS 0x000000008de00000, 0x000000008de00000| Untracked 
| 223|0x000000008df00000, 0x000000008df00000, 0x000000008e000000|  0%| F|  |TAMS 0x000000008df00000, 0x000000008df00000| Untracked 
| 224|0x000000008e000000, 0x000000008e000000, 0x000000008e100000|  0%| F|  |TAMS 0x000000008e000000, 0x000000008e000000| Untracked 
| 225|0x000000008e100000, 0x000000008e100000, 0x000000008e200000|  0%| F|  |TAMS 0x000000008e100000, 0x000000008e100000| Untracked 
| 226|0x000000008e200000, 0x000000008e200000, 0x000000008e300000|  0%| F|  |TAMS 0x000000008e200000, 0x000000008e200000| Untracked 
| 227|0x000000008e300000, 0x000000008e300000, 0x000000008e400000|  0%| F|  |TAMS 0x000000008e300000, 0x000000008e300000| Untracked 
| 228|0x000000008e400000, 0x000000008e400000, 0x000000008e500000|  0%| F|  |TAMS 0x000000008e400000, 0x000000008e400000| Untracked 
| 229|0x000000008e500000, 0x000000008e500000, 0x000000008e600000|  0%| F|  |TAMS 0x000000008e500000, 0x000000008e500000| Untracked 
| 230|0x000000008e600000, 0x000000008e600000, 0x000000008e700000|  0%| F|  |TAMS 0x000000008e600000, 0x000000008e600000| Untracked 
| 231|0x000000008e700000, 0x000000008e700000, 0x000000008e800000|  0%| F|  |TAMS 0x000000008e700000, 0x000000008e700000| Untracked 
| 232|0x000000008e800000, 0x000000008e800000, 0x000000008e900000|  0%| F|  |TAMS 0x000000008e800000, 0x000000008e800000| Untracked 
| 233|0x000000008e900000, 0x000000008e900000, 0x000000008ea00000|  0%| F|  |TAMS 0x000000008e900000, 0x000000008e900000| Untracked 
| 234|0x000000008ea00000, 0x000000008ea00000, 0x000000008eb00000|  0%| F|  |TAMS 0x000000008ea00000, 0x000000008ea00000| Untracked 
| 235|0x000000008eb00000, 0x000000008eb00000, 0x000000008ec00000|  0%| F|  |TAMS 0x000000008eb00000, 0x000000008eb00000| Untracked 
| 236|0x000000008ec00000, 0x000000008ec00000, 0x000000008ed00000|  0%| F|  |TAMS 0x000000008ec00000, 0x000000008ec00000| Untracked 
| 237|0x000000008ed00000, 0x000000008ed00000, 0x000000008ee00000|  0%| F|  |TAMS 0x000000008ed00000, 0x000000008ed00000| Untracked 
| 238|0x000000008ee00000, 0x000000008ee00000, 0x000000008ef00000|  0%| F|  |TAMS 0x000000008ee00000, 0x000000008ee00000| Untracked 
| 239|0x000000008ef00000, 0x000000008ef00000, 0x000000008f000000|  0%| F|  |TAMS 0x000000008ef00000, 0x000000008ef00000| Untracked 
| 240|0x000000008f000000, 0x000000008f000000, 0x000000008f100000|  0%| F|  |TAMS 0x000000008f000000, 0x000000008f000000| Untracked 
| 241|0x000000008f100000, 0x000000008f100000, 0x000000008f200000|  0%| F|  |TAMS 0x000000008f100000, 0x000000008f100000| Untracked 
| 242|0x000000008f200000, 0x000000008f300000, 0x000000008f300000|100%| S|CS|TAMS 0x000000008f200000, 0x000000008f200000| Complete 
| 243|0x000000008f300000, 0x000000008f400000, 0x000000008f400000|100%| S|CS|TAMS 0x000000008f300000, 0x000000008f300000| Complete 
| 244|0x000000008f400000, 0x000000008f500000, 0x000000008f500000|100%| S|CS|TAMS 0x000000008f400000, 0x000000008f400000| Complete 
| 245|0x000000008f500000, 0x000000008f500000, 0x000000008f600000|  0%| F|  |TAMS 0x000000008f500000, 0x000000008f500000| Untracked 
| 246|0x000000008f600000, 0x000000008f600000, 0x000000008f700000|  0%| F|  |TAMS 0x000000008f600000, 0x000000008f600000| Untracked 
| 247|0x000000008f700000, 0x000000008f700000, 0x000000008f800000|  0%| F|  |TAMS 0x000000008f700000, 0x000000008f700000| Untracked 
| 248|0x000000008f800000, 0x000000008f800000, 0x000000008f900000|  0%| F|  |TAMS 0x000000008f800000, 0x000000008f800000| Untracked 
| 249|0x000000008f900000, 0x000000008f900000, 0x000000008fa00000|  0%| F|  |TAMS 0x000000008f900000, 0x000000008f900000| Untracked 
| 250|0x000000008fa00000, 0x000000008fa00000, 0x000000008fb00000|  0%| F|  |TAMS 0x000000008fa00000, 0x000000008fa00000| Untracked 
| 251|0x000000008fb00000, 0x000000008fb00000, 0x000000008fc00000|  0%| F|  |TAMS 0x000000008fb00000, 0x000000008fb00000| Untracked 
| 252|0x000000008fc00000, 0x000000008fc00000, 0x000000008fd00000|  0%| F|  |TAMS 0x000000008fc00000, 0x000000008fc00000| Untracked 
| 253|0x000000008fd00000, 0x000000008fd00000, 0x000000008fe00000|  0%| F|  |TAMS 0x000000008fd00000, 0x000000008fd00000| Untracked 
| 254|0x000000008fe00000, 0x000000008fe00000, 0x000000008ff00000|  0%| F|  |TAMS 0x000000008fe00000, 0x000000008fe00000| Untracked 
| 255|0x000000008ff00000, 0x000000008ff00000, 0x0000000090000000|  0%| F|  |TAMS 0x000000008ff00000, 0x000000008ff00000| Untracked 
| 256|0x0000000090000000, 0x0000000090000000, 0x0000000090100000|  0%| F|  |TAMS 0x0000000090000000, 0x0000000090000000| Untracked 
| 257|0x0000000090100000, 0x0000000090100000, 0x0000000090200000|  0%| F|  |TAMS 0x0000000090100000, 0x0000000090100000| Untracked 
| 258|0x0000000090200000, 0x0000000090200000, 0x0000000090300000|  0%| F|  |TAMS 0x0000000090200000, 0x0000000090200000| Untracked 
| 259|0x0000000090300000, 0x0000000090300000, 0x0000000090400000|  0%| F|  |TAMS 0x0000000090300000, 0x0000000090300000| Untracked 
| 260|0x0000000090400000, 0x0000000090400000, 0x0000000090500000|  0%| F|  |TAMS 0x0000000090400000, 0x0000000090400000| Untracked 
| 261|0x0000000090500000, 0x0000000090500000, 0x0000000090600000|  0%| F|  |TAMS 0x0000000090500000, 0x0000000090500000| Untracked 
| 262|0x0000000090600000, 0x0000000090600000, 0x0000000090700000|  0%| F|  |TAMS 0x0000000090600000, 0x0000000090600000| Untracked 
| 263|0x0000000090700000, 0x0000000090700000, 0x0000000090800000|  0%| F|  |TAMS 0x0000000090700000, 0x0000000090700000| Untracked 

Card table byte_map: [0x0000010df9710000,0x0000010df9b10000] _byte_map_base: 0x0000010df9310000

Marking Bits (Prev, Next): (CMBitMap*) 0x0000010df4dcedc8, (CMBitMap*) 0x0000010df4dcee00
 Prev Bits: [0x0000010df9f10000, 0x0000010dfbf10000)
 Next Bits: [0x0000010dfbf10000, 0x0000010dfdf10000)

Polling page: 0x0000010df35a0000

Metaspace:

Usage:
  Non-class:    107.65 MB capacity,   105.90 MB ( 98%) used,     1.40 MB (  1%) free+waste,   351.19 KB ( <1%) overhead. 
      Class:     16.32 MB capacity,    15.26 MB ( 94%) used,   927.77 KB (  6%) free+waste,   153.69 KB ( <1%) overhead. 
       Both:    123.97 MB capacity,   121.16 MB ( 98%) used,     2.31 MB (  2%) free+waste,   504.88 KB ( <1%) overhead. 

Virtual space:
  Non-class space:      108.00 MB reserved,     107.75 MB (>99%) committed 
      Class space:        1.00 GB reserved,      16.32 MB (  2%) committed 
             Both:        1.11 GB reserved,     124.07 MB ( 11%) committed 

Chunk freelists:
   Non-Class:  41.00 KB
       Class:  0 bytes
        Both:  41.00 KB

MaxMetaspaceSize: 17179869184.00 GB
CompressedClassSpaceSize: 1.00 GB
Initial GC threshold: 20.80 MB
Current GC threshold: 202.83 MB
CDS: off

CodeHeap 'non-profiled nmethods': size=120000Kb used=11056Kb max_used=11768Kb free=108943Kb
 bounds [0x0000010d87ad0000, 0x0000010d88650000, 0x0000010d8f000000]
CodeHeap 'profiled nmethods': size=120000Kb used=38100Kb max_used=39311Kb free=81899Kb
 bounds [0x0000010d805a0000, 0x0000010d82c40000, 0x0000010d87ad0000]
CodeHeap 'non-nmethods': size=5760Kb used=2468Kb max_used=2501Kb free=3291Kb
 bounds [0x0000010d80000000, 0x0000010d80290000, 0x0000010d805a0000]
 total_blobs=18363 nmethods=17365 adapters=910
 compilation: enabled
              stopped_count=0, restarted_count=0
 full_count=0

Compilation events (20 events):
Event: 8741.158 Thread 0x0000010d8fa73000 18623       2       com.android.tools.r8.code.N0::hashCode (28 bytes)
Event: 8741.159 Thread 0x0000010d8fa73000 nmethod 18623 0x0000010d80d9b590 code [0x0000010d80d9b740, 0x0000010d80d9b888]
Event: 8741.166 Thread 0x0000010d8fa73000 18625       2       com.android.tools.r8.code.c0::hashCode (22 bytes)
Event: 8741.167 Thread 0x0000010d8fa73000 nmethod 18625 0x0000010d80d9b210 code [0x0000010d80d9b3c0, 0x0000010d80d9b508]
Event: 8741.180 Thread 0x0000010d8fa73000 18626       2       com.android.tools.r8.code.q::<init> (7 bytes)
Event: 8741.181 Thread 0x0000010d8fa73000 nmethod 18626 0x0000010d80d9ac10 code [0x0000010d80d9ade0, 0x0000010d80d9b018]
Event: 8741.181 Thread 0x0000010d8fa73000 18627       2       com.android.tools.r8.code.u2::<init> (7 bytes)
Event: 8741.181 Thread 0x0000010d8fa73000 nmethod 18627 0x0000010d80d9a690 code [0x0000010d80d9a840, 0x0000010d80d9a998]
Event: 8741.218 Thread 0x0000010d8fa73000 18628       3       com.android.tools.r8.dex.j::b (211 bytes)
Event: 8741.221 Thread 0x0000010d8fa73000 nmethod 18628 0x0000010d805ce310 code [0x0000010d805ce6c0, 0x0000010d805d0118]
Event: 8741.221 Thread 0x0000010d8fa73000 18629       2       com.android.tools.r8.code.w1::b (25 bytes)
Event: 8741.221 Thread 0x0000010d8fa73000 nmethod 18629 0x0000010d80f7ef10 code [0x0000010d80f7f0e0, 0x0000010d80f7f2b8]
Event: 8741.243 Thread 0x0000010d8fa73000 18634       2       com.android.tools.r8.code.F3::<init> (85 bytes)
Event: 8741.244 Thread 0x0000010d8fa73000 nmethod 18634 0x0000010d8067e190 code [0x0000010d8067e3c0, 0x0000010d8067eae8]
Event: 8741.270 Thread 0x0000010d8fa73000 18636       2       org.gradle.util.internal.CollectionUtils::toMutableList (57 bytes)
Event: 8741.271 Thread 0x0000010d8fa73000 nmethod 18636 0x0000010d80f7e490 code [0x0000010d80f7e6c0, 0x0000010d80f7ec18]
Event: 8741.276 Thread 0x0000010d8fa73000 18637       2       java.util.Arrays::hashCode (44 bytes)
Event: 8741.277 Thread 0x0000010d8fa73000 nmethod 18637 0x0000010d8067dd10 code [0x0000010d8067dec0, 0x0000010d8067e038]
Event: 8741.278 Thread 0x0000010d8fa73000 18638       2       com.android.tools.r8.code.x0::<init> (97 bytes)
Event: 8741.279 Thread 0x0000010d8fa73000 nmethod 18638 0x0000010d807de190 code [0x0000010d807de3a0, 0x0000010d807de8d8]

GC Heap History (20 events):
Event: 8735.962 GC heap after
{Heap after GC invocations=82 (full 0):
 garbage-first heap   total 225280K, used 125886K [0x0000000080000000, 0x0000000100000000)
  region size 1024K, 2 young (2048K), 2 survivors (2048K)
 Metaspace       used 117344K, capacity 119941K, committed 120140K, reserved 1153024K
  class space    used 14579K, capacity 15570K, committed 15692K, reserved 1048576K
}
Event: 8736.530 GC heap before
{Heap before GC invocations=82 (full 0):
 garbage-first heap   total 225280K, used 172990K [0x0000000080000000, 0x0000000100000000)
  region size 1024K, 49 young (50176K), 2 survivors (2048K)
 Metaspace       used 117652K, capacity 120359K, committed 120396K, reserved 1155072K
  class space    used 14608K, capacity 15656K, committed 15692K, reserved 1048576K
}
Event: 8736.544 GC heap after
{Heap after GC invocations=83 (full 0):
 garbage-first heap   total 225280K, used 130484K [0x0000000080000000, 0x0000000100000000)
  region size 1024K, 6 young (6144K), 6 survivors (6144K)
 Metaspace       used 117652K, capacity 120359K, committed 120396K, reserved 1155072K
  class space    used 14608K, capacity 15656K, committed 15692K, reserved 1048576K
}
Event: 8737.025 GC heap before
{Heap before GC invocations=84 (full 0):
 garbage-first heap   total 225280K, used 175540K [0x0000000080000000, 0x0000000100000000)
  region size 1024K, 52 young (53248K), 6 survivors (6144K)
 Metaspace       used 118323K, capacity 120992K, committed 121292K, reserved 1155072K
  class space    used 14701K, capacity 15728K, committed 15820K, reserved 1048576K
}
Event: 8737.036 GC heap after
{Heap after GC invocations=85 (full 0):
 garbage-first heap   total 270336K, used 132024K [0x0000000080000000, 0x0000000100000000)
  region size 1024K, 2 young (2048K), 2 survivors (2048K)
 Metaspace       used 118323K, capacity 120992K, committed 121292K, reserved 1155072K
  class space    used 14701K, capacity 15728K, committed 15820K, reserved 1048576K
}
Event: 8737.912 GC heap before
{Heap before GC invocations=86 (full 0):
 garbage-first heap   total 270336K, used 146360K [0x0000000080000000, 0x0000000100000000)
  region size 1024K, 12 young (12288K), 2 survivors (2048K)
 Metaspace       used 118823K, capacity 121549K, committed 121676K, reserved 1155072K
  class space    used 14772K, capacity 15824K, committed 15948K, reserved 1048576K
}
Event: 8737.919 GC heap after
{Heap after GC invocations=87 (full 0):
 garbage-first heap   total 270336K, used 138260K [0x0000000080000000, 0x0000000100000000)
  region size 1024K, 4 young (4096K), 4 survivors (4096K)
 Metaspace       used 118823K, capacity 121549K, committed 121676K, reserved 1155072K
  class space    used 14772K, capacity 15824K, committed 15948K, reserved 1048576K
}
Event: 8738.304 GC heap before
{Heap before GC invocations=88 (full 0):
 garbage-first heap   total 270336K, used 140308K [0x0000000080000000, 0x0000000100000000)
  region size 1024K, 5 young (5120K), 4 survivors (4096K)
 Metaspace       used 118823K, capacity 121549K, committed 121676K, reserved 1155072K
  class space    used 14772K, capacity 15824K, committed 15948K, reserved 1048576K
}
Event: 8738.309 GC heap after
{Heap after GC invocations=89 (full 0):
 garbage-first heap   total 270336K, used 140072K [0x0000000080000000, 0x0000000100000000)
  region size 1024K, 4 young (4096K), 4 survivors (4096K)
 Metaspace       used 118823K, capacity 121549K, committed 121676K, reserved 1155072K
  class space    used 14772K, capacity 15824K, committed 15948K, reserved 1048576K
}
Event: 8739.354 GC heap before
{Heap before GC invocations=90 (full 0):
 garbage-first heap   total 270336K, used 154408K [0x0000000080000000, 0x0000000100000000)
  region size 1024K, 15 young (15360K), 4 survivors (4096K)
 Metaspace       used 121194K, capacity 123875K, committed 123980K, reserved 1157120K
  class space    used 15095K, capacity 16131K, committed 16204K, reserved 1048576K
}
Event: 8739.365 GC heap after
{Heap after GC invocations=91 (full 0):
 garbage-first heap   total 270336K, used 146520K [0x0000000080000000, 0x0000000100000000)
  region size 1024K, 5 young (5120K), 5 survivors (5120K)
 Metaspace       used 121194K, capacity 123875K, committed 123980K, reserved 1157120K
  class space    used 15095K, capacity 16131K, committed 16204K, reserved 1048576K
}
Event: 8740.046 GC heap before
{Heap before GC invocations=92 (full 0):
 garbage-first heap   total 270336K, used 216152K [0x0000000080000000, 0x0000000100000000)
  region size 1024K, 47 young (48128K), 5 survivors (5120K)
 Metaspace       used 121686K, capacity 124412K, committed 124620K, reserved 1157120K
  class space    used 15166K, capacity 16205K, committed 16332K, reserved 1048576K
}
Event: 8740.165 GC heap after
{Heap after GC invocations=93 (full 0):
 garbage-first heap   total 270336K, used 172221K [0x0000000080000000, 0x0000000100000000)
  region size 1024K, 7 young (7168K), 7 survivors (7168K)
 Metaspace       used 121686K, capacity 124412K, committed 124620K, reserved 1157120K
  class space    used 15166K, capacity 16205K, committed 16332K, reserved 1048576K
}
Event: 8740.864 GC heap before
{Heap before GC invocations=94 (full 0):
 garbage-first heap   total 270336K, used 208061K [0x0000000080000000, 0x0000000100000000)
  region size 1024K, 41 young (41984K), 7 survivors (7168K)
 Metaspace       used 124006K, capacity 126869K, committed 127052K, reserved 1159168K
  class space    used 15628K, capacity 16710K, committed 16716K, reserved 1048576K
}
Event: 8740.904 GC heap after
{Heap after GC invocations=95 (full 0):
 garbage-first heap   total 270336K, used 187564K [0x0000000080000000, 0x0000000100000000)
  region size 1024K, 6 young (6144K), 6 survivors (6144K)
 Metaspace       used 124006K, capacity 126869K, committed 127052K, reserved 1159168K
  class space    used 15628K, capacity 16710K, committed 16716K, reserved 1048576K
}
Event: 8740.951 GC heap before
{Heap before GC invocations=95 (full 0):
 garbage-first heap   total 270336K, used 194732K [0x0000000080000000, 0x0000000100000000)
  region size 1024K, 13 young (13312K), 6 survivors (6144K)
 Metaspace       used 124020K, capacity 126869K, committed 127052K, reserved 1159168K
  class space    used 15628K, capacity 16710K, committed 16716K, reserved 1048576K
}
Event: 8740.975 GC heap after
{Heap after GC invocations=96 (full 0):
 garbage-first heap   total 270336K, used 186959K [0x0000000080000000, 0x0000000100000000)
  region size 1024K, 2 young (2048K), 2 survivors (2048K)
 Metaspace       used 124020K, capacity 126869K, committed 127052K, reserved 1159168K
  class space    used 15628K, capacity 16710K, committed 16716K, reserved 1048576K
}
Event: 8741.121 GC heap before
{Heap before GC invocations=96 (full 0):
 garbage-first heap   total 270336K, used 213583K [0x0000000080000000, 0x0000000100000000)
  region size 1024K, 28 young (28672K), 2 survivors (2048K)
 Metaspace       used 124067K, capacity 126941K, committed 127052K, reserved 1159168K
  class space    used 15628K, capacity 16710K, committed 16716K, reserved 1048576K
}
Event: 8741.142 GC heap after
{Heap after GC invocations=97 (full 0):
 garbage-first heap   total 270336K, used 200954K [0x0000000080000000, 0x0000000100000000)
  region size 1024K, 4 young (4096K), 4 survivors (4096K)
 Metaspace       used 124067K, capacity 126941K, committed 127052K, reserved 1159168K
  class space    used 15628K, capacity 16710K, committed 16716K, reserved 1048576K
}
Event: 8741.306 GC heap before
{Heap before GC invocations=97 (full 0):
 garbage-first heap   total 270336K, used 220410K [0x0000000080000000, 0x0000000100000000)
  region size 1024K, 23 young (23552K), 4 survivors (4096K)
 Metaspace       used 124070K, capacity 126941K, committed 127052K, reserved 1159168K
  class space    used 15628K, capacity 16710K, committed 16716K, reserved 1048576K
}

Deoptimization events (20 events):
Event: 8740.620 Thread 0x0000010d995ab000 DEOPT UNPACKING pc=0x0000010d8004a1af sp=0x000000072eefd940 mode 2
Event: 8740.620 Thread 0x0000010d995a9000 DEOPT UNPACKING pc=0x0000010d8004a1af sp=0x000000072effcae0 mode 2
Event: 8740.620 Thread 0x0000010d995a4000 Uncommon trap: trap_request=0xffffffde fr.pc=0x0000010d880f0ec4 relative=0x0000000000000284
Event: 8740.620 Thread 0x0000010d995ab000 Uncommon trap: trap_request=0xffffffde fr.pc=0x0000010d880f0ec4 relative=0x0000000000000284
Event: 8740.620 Thread 0x0000010d995a4000 Uncommon trap: reason=class_check action=maybe_recompile pc=0x0000010d880f0ec4 method=java.util.concurrent.ConcurrentHashMap.get(Ljava/lang/Object;)Ljava/lang/Object; @ 93 c2
Event: 8740.620 Thread 0x0000010d995ab000 Uncommon trap: reason=class_check action=maybe_recompile pc=0x0000010d880f0ec4 method=java.util.concurrent.ConcurrentHashMap.get(Ljava/lang/Object;)Ljava/lang/Object; @ 93 c2
Event: 8740.620 Thread 0x0000010d995a4000 DEOPT PACKING pc=0x0000010d880f0ec4 sp=0x000000072e6fd1e0
Event: 8740.620 Thread 0x0000010d995ab000 DEOPT PACKING pc=0x0000010d880f0ec4 sp=0x000000072eefd5b0
Event: 8740.620 Thread 0x0000010d995a4000 DEOPT UNPACKING pc=0x0000010d8004a1af sp=0x000000072e6fd148 mode 2
Event: 8740.620 Thread 0x0000010d995ab000 DEOPT UNPACKING pc=0x0000010d8004a1af sp=0x000000072eefd518 mode 2
Event: 8740.673 Thread 0x0000010d995a8000 Uncommon trap: trap_request=0xffffff4d fr.pc=0x0000010d881012ac relative=0x000000000000036c
Event: 8740.673 Thread 0x0000010d995a8000 Uncommon trap: reason=unstable_if action=reinterpret pc=0x0000010d881012ac method=java.util.concurrent.ConcurrentLinkedQueue.offer(Ljava/lang/Object;)Z @ 42 c2
Event: 8740.673 Thread 0x0000010d995a8000 DEOPT PACKING pc=0x0000010d881012ac sp=0x000000072f3fea40
Event: 8740.673 Thread 0x0000010d995a8000 DEOPT UNPACKING pc=0x0000010d8004a1af sp=0x000000072f3fe988 mode 2
Event: 8740.784 Thread 0x0000010d995ab000 Uncommon trap: trap_request=0xffffff4d fr.pc=0x0000010d87d156e4 relative=0x0000000000000de4
Event: 8740.784 Thread 0x0000010d995ab000 Uncommon trap: reason=unstable_if action=reinterpret pc=0x0000010d87d156e4 method=com.android.tools.r8.internal.Iq.d(I)V @ 38 c2
Event: 8740.784 Thread 0x0000010d995ab000 DEOPT PACKING pc=0x0000010d87d156e4 sp=0x000000072eefe1a0
Event: 8740.784 Thread 0x0000010d995ab000 DEOPT UNPACKING pc=0x0000010d8004a1af sp=0x000000072eefe0e8 mode 2
Event: 8740.913 Thread 0x0000010d995a4000 DEOPT PACKING pc=0x0000010d80629cfe sp=0x000000072e6fe4b0
Event: 8740.913 Thread 0x0000010d995a4000 DEOPT UNPACKING pc=0x0000010d8004a95e sp=0x000000072e6fda38 mode 0

Classes redefined (0 events):
No events

Internal exceptions (20 events):
Event: 8736.485 Thread 0x0000010d90914000 Exception <a 'sun/nio/fs/WindowsException'{0x000000008b1edfa8}> (0x000000008b1edfa8) thrown at [./src/hotspot/share/prims/jni.cpp, line 615]
Event: 8736.485 Thread 0x0000010d90914000 Exception <a 'sun/nio/fs/WindowsException'{0x000000008b1eee88}> (0x000000008b1eee88) thrown at [./src/hotspot/share/prims/jni.cpp, line 615]
Event: 8736.485 Thread 0x0000010d90914000 Exception <a 'sun/nio/fs/WindowsException'{0x000000008b1ef1c8}> (0x000000008b1ef1c8) thrown at [./src/hotspot/share/prims/jni.cpp, line 615]
Event: 8736.486 Thread 0x0000010d90914000 Exception <a 'sun/nio/fs/WindowsException'{0x000000008b1f0078}> (0x000000008b1f0078) thrown at [./src/hotspot/share/prims/jni.cpp, line 615]
Event: 8736.500 Thread 0x0000010d90914000 Exception <a 'java/lang/NoSuchMethodError'{0x000000008af6f358}: <clinit>> (0x000000008af6f358) thrown at [./src/hotspot/share/prims/jni.cpp, line 1365]
Event: 8736.503 Thread 0x0000010d90914000 Exception <a 'java/lang/NoSuchMethodError'{0x000000008af9f828}: <clinit>> (0x000000008af9f828) thrown at [./src/hotspot/share/prims/jni.cpp, line 1365]
Event: 8736.504 Thread 0x0000010d90914000 Exception <a 'java/lang/NoSuchMethodError'{0x000000008afb21f8}: <clinit>> (0x000000008afb21f8) thrown at [./src/hotspot/share/prims/jni.cpp, line 1365]
Event: 8736.511 Thread 0x0000010d995a3000 Exception <a 'java/lang/NoSuchMethodError'{0x000000008b07bb20}: 'java.lang.Object java.lang.invoke.DirectMethodHandle$Holder.invokeVirtual(java.lang.Object, java.lang.Object, int)'> (0x000000008b07bb20) thrown at [./src/hotspot/share/interpreter/linkResolver.cpp, line 773]
Event: 8737.351 Thread 0x0000010d995a5800 Exception <a 'java/lang/NoSuchMethodError'{0x00000000905bc158}: 'void java.lang.invoke.DirectMethodHandle$Holder.invokeStatic(java.lang.Object, long)'> (0x00000000905bc158) thrown at [./src/hotspot/share/interpreter/linkResolver.cpp, line 773]
Event: 8737.353 Thread 0x0000010d995a5800 Exception <a 'java/lang/NoSuchMethodError'{0x00000000905eea98}: 'java.lang.Object java.lang.invoke.DirectMethodHandle$Holder.invokeStatic(java.lang.Object, long)'> (0x00000000905eea98) thrown at [./src/hotspot/share/interpreter/linkResolver.cpp, line 773]
Event: 8737.361 Thread 0x0000010d995a5800 Exception <a 'java/lang/NoSuchMethodError'{0x00000000905fd240}: 'java.lang.Object java.lang.invoke.DirectMethodHandle$Holder.invokeStaticInit(java.lang.Object, java.lang.Object, long, java.lang.Object)'> (0x00000000905fd240) thrown at [./src/hotspot/share/interpreter/linkResolver.cpp, line 773]
Event: 8737.362 Thread 0x0000010d995a5800 Exception <a 'java/lang/NoSuchMethodError'{0x0000000090459200}: 'java.lang.Object java.lang.invoke.DirectMethodHandle$Holder.invokeStatic(java.lang.Object, java.lang.Object, long)'> (0x0000000090459200) thrown at [./src/hotspot/share/interpreter/linkResolver.cpp, line 773]
Event: 8737.362 Thread 0x0000010d995a5800 Exception <a 'java/lang/NoSuchMethodError'{0x000000009045f9c0}: 'java.lang.Object java.lang.invoke.Invokers$Holder.linkToTargetMethod(java.lang.Object, long, java.lang.Object)'> (0x000000009045f9c0) thrown at [./src/hotspot/share/interpreter/linkResolver.cpp, line 773]
Event: 8738.611 Thread 0x0000010d995a0000 Exception <a 'sun/nio/fs/WindowsException'{0x00000000901e78e8}> (0x00000000901e78e8) thrown at [./src/hotspot/share/prims/jni.cpp, line 615]
Event: 8739.409 Thread 0x0000010d995a0000 Exception <a 'java/lang/NoSuchMethodError'{0x00000000907dc350}: 'java.lang.Object java.lang.invoke.DirectMethodHandle$Holder.invokeStaticInit(java.lang.Object, java.lang.Object, java.lang.Object, java.lang.Object, java.lang.Object, java.lang.Object, java.lang.Object, java.lang.Object, java.lang.Object, java.lang.Object, java.lang.Object, java.lang.Object, java.lang.Object, java.lang.Object, java.lang.Object, java.lang.Object, java.lang.Object, java.lang.Object, int, java.lang.Object, java.lang.Object)'> (0
Event: 8740.392 Thread 0x0000010d995a9000 Exception <a 'java/lang/IncompatibleClassChangeError'{0x000000008fcc1c08}: Found class java.lang.Object, but interface was expected> (0x000000008fcc1c08) thrown at [./src/hotspot/share/interpreter/linkResolver.cpp, line 839]
Event: 8740.459 Thread 0x0000010d995a4000 Exception <a 'java/lang/NoSuchMethodError'{0x000000008fa6ce80}: 'java.lang.Object java.lang.invoke.DirectMethodHandle$Holder.newInvokeSpecial(java.lang.Object, int)'> (0x000000008fa6ce80) thrown at [./src/hotspot/share/interpreter/linkResolver.cpp, line 773]
Event: 8740.613 Thread 0x0000010d995a9000 Exception <a 'java/lang/IncompatibleClassChangeError'{0x000000008f7ced58}: Found class java.lang.Object, but interface was expected> (0x000000008f7ced58) thrown at [./src/hotspot/share/interpreter/linkResolver.cpp, line 839]
Event: 8740.613 Thread 0x0000010d995a4000 Exception <a 'java/lang/IncompatibleClassChangeError'{0x000000008fa986b8}: Found class java.lang.Object, but interface was expected> (0x000000008fa986b8) thrown at [./src/hotspot/share/interpreter/linkResolver.cpp, line 839]
Event: 8740.614 Thread 0x0000010d995a9000 Exception <a 'java/lang/IncompatibleClassChangeError'{0x000000008f6096a8}: Found class java.lang.Object, but interface was expected> (0x000000008f6096a8) thrown at [./src/hotspot/share/interpreter/linkResolver.cpp, line 839]

Events (20 events):
Event: 8740.659 loading class com/android/tools/r8/internal/SH done
Event: 8740.659 loading class com/android/tools/r8/internal/aH
Event: 8740.659 loading class com/android/tools/r8/internal/aH done
Event: 8740.661 loading class com/android/tools/r8/graph/W0
Event: 8740.661 loading class com/android/tools/r8/graph/W0 done
Event: 8740.662 loading class com/android/tools/r8/graph/N2
Event: 8740.662 loading class com/android/tools/r8/graph/N2 done
Event: 8740.662 loading class com/android/tools/r8/graph/N2
Event: 8740.662 loading class com/android/tools/r8/graph/N2 done
Event: 8740.662 loading class com/android/tools/r8/internal/YG
Event: 8740.662 loading class com/android/tools/r8/internal/YG done
Event: 8740.662 loading class com/android/tools/r8/internal/dH
Event: 8740.662 loading class com/android/tools/r8/internal/dH done
Event: 8740.864 Executing VM operation: G1CollectForAllocation
Event: 8740.904 Executing VM operation: G1CollectForAllocation done
Event: 8740.951 Executing VM operation: G1CollectForAllocation
Event: 8740.975 Executing VM operation: G1CollectForAllocation done
Event: 8741.120 Executing VM operation: G1CollectForAllocation
Event: 8741.142 Executing VM operation: G1CollectForAllocation done
Event: 8741.305 Executing VM operation: G1CollectForAllocation


Dynamic libraries:
0x00007ff77f5b0000 - 0x00007ff77f5ba000 	F:\Software\androidStudio\jre\bin\java.exe
0x00007ff8c3c30000 - 0x00007ff8c3e25000 	C:\Windows\SYSTEM32\ntdll.dll
0x00007ff8c21f0000 - 0x00007ff8c22ad000 	C:\Windows\System32\KERNEL32.DLL
0x00007ff8c1860000 - 0x00007ff8c1b27000 	C:\Windows\System32\KERNELBASE.dll
0x00007ff8c1370000 - 0x00007ff8c1470000 	C:\Windows\System32\ucrtbase.dll
0x00007ff8b5290000 - 0x00007ff8b52a9000 	F:\Software\androidStudio\jre\bin\jli.dll
0x00007ff8b3110000 - 0x00007ff8b3127000 	F:\Software\androidStudio\jre\bin\VCRUNTIME140.dll
0x00007ff8c35e0000 - 0x00007ff8c3780000 	C:\Windows\System32\USER32.dll
0x00007ff8c1bb0000 - 0x00007ff8c1bd2000 	C:\Windows\System32\win32u.dll
0x00007ff8acfd0000 - 0x00007ff8ad26b000 	C:\Windows\WinSxS\amd64_microsoft.windows.common-controls_6595b64144ccf1df_6.0.19041.488_none_ca04af081b815d21\COMCTL32.dll
0x00007ff8c24f0000 - 0x00007ff8c251a000 	C:\Windows\System32\GDI32.dll
0x00007ff8c1c90000 - 0x00007ff8c1d2e000 	C:\Windows\System32\msvcrt.dll
0x00007ff8c1470000 - 0x00007ff8c1579000 	C:\Windows\System32\gdi32full.dll
0x00007ff8c17c0000 - 0x00007ff8c185d000 	C:\Windows\System32\msvcp_win.dll
0x00007ff8c2450000 - 0x00007ff8c2480000 	C:\Windows\System32\IMM32.DLL
0x00007ff888b60000 - 0x00007ff888bfd000 	F:\Software\androidStudio\jre\bin\msvcp140.dll
0x00007ff86d270000 - 0x00007ff86dd55000 	F:\Software\androidStudio\jre\bin\server\jvm.dll
0x00007ff8c20b0000 - 0x00007ff8c215a000 	C:\Windows\System32\ADVAPI32.dll
0x00007ff8c1f40000 - 0x00007ff8c1fdb000 	C:\Windows\System32\sechost.dll
0x00007ff8c22b0000 - 0x00007ff8c23d4000 	C:\Windows\System32\RPCRT4.dll
0x00007ff8c23e0000 - 0x00007ff8c23e8000 	C:\Windows\System32\PSAPI.DLL
0x00007ff8b7070000 - 0x00007ff8b707a000 	C:\Windows\SYSTEM32\VERSION.dll
0x00007ff8a5530000 - 0x00007ff8a5557000 	C:\Windows\SYSTEM32\WINMM.dll
0x00007ff88bdc0000 - 0x00007ff88bdc9000 	C:\Windows\SYSTEM32\WSOCK32.dll
0x00007ff8c2480000 - 0x00007ff8c24eb000 	C:\Windows\System32\WS2_32.dll
0x00007ff8bfc60000 - 0x00007ff8bfc73000 	C:\Windows\SYSTEM32\kernel.appcore.dll
0x00007ff8bc800000 - 0x00007ff8bc811000 	F:\Software\androidStudio\jre\bin\verify.dll
0x00007ff8bf1d0000 - 0x00007ff8bf3b4000 	C:\Windows\SYSTEM32\DBGHELP.DLL
0x00007ff894e10000 - 0x00007ff894e3c000 	C:\Windows\SYSTEM32\dbgcore.DLL
0x00007ff8c1b30000 - 0x00007ff8c1baf000 	C:\Windows\System32\bcryptPrimitives.dll
0x00007ff8b30c0000 - 0x00007ff8b30e9000 	F:\Software\androidStudio\jre\bin\java.dll
0x00007ff8bacf0000 - 0x00007ff8bacfb000 	F:\Software\androidStudio\jre\bin\jimage.dll
0x00007ff8b8eb0000 - 0x00007ff8b8ec8000 	F:\Software\androidStudio\jre\bin\zip.dll
0x00007ff8c2b40000 - 0x00007ff8c3281000 	C:\Windows\System32\SHELL32.dll
0x00007ff8bf4b0000 - 0x00007ff8bfc43000 	C:\Windows\SYSTEM32\windows.storage.dll
0x00007ff8c26c0000 - 0x00007ff8c2a15000 	C:\Windows\System32\combase.dll
0x00007ff8c0de0000 - 0x00007ff8c0e0c000 	C:\Windows\SYSTEM32\Wldp.dll
0x00007ff8c1fe0000 - 0x00007ff8c208e000 	C:\Windows\System32\SHCORE.dll
0x00007ff8c1ee0000 - 0x00007ff8c1f35000 	C:\Windows\System32\shlwapi.dll
0x00007ff8c12a0000 - 0x00007ff8c12c6000 	C:\Windows\SYSTEM32\profapi.dll
0x00007ff8b5360000 - 0x00007ff8b537a000 	F:\Software\androidStudio\jre\bin\net.dll
0x00007ff8b2860000 - 0x00007ff8b2960000 	C:\Windows\SYSTEM32\WINHTTP.dll
0x00007ff8c0af0000 - 0x00007ff8c0b5a000 	C:\Windows\system32\mswsock.dll
0x00007ff8b31d0000 - 0x00007ff8b31e4000 	F:\Software\androidStudio\jre\bin\nio.dll
0x00007ff883c50000 - 0x00007ff883c77000 	C:\Users\Admin\.gradle\native\e1d6ef7f7dcc3fd88c89a11ec53ec762bb8ba0a96d01ffa2cd45eb1d1d8dd5c5\windows-amd64\native-platform.dll
0x00007ff86df40000 - 0x00007ff86e084000 	C:\Users\Admin\.gradle\native\5664cfc778a61ccfe75a443a1ab52a65af34e5dc3c78e0209fed803814484fcb\windows-amd64\native-platform-file-events.dll
0x00007ff8b92e0000 - 0x00007ff8b92ea000 	F:\Software\androidStudio\jre\bin\management.dll
0x00007ff8b8f70000 - 0x00007ff8b8f7d000 	F:\Software\androidStudio\jre\bin\management_ext.dll
0x00007ff8c0cc0000 - 0x00007ff8c0cd8000 	C:\Windows\SYSTEM32\CRYPTSP.dll
0x00007ff8c0420000 - 0x00007ff8c0454000 	C:\Windows\system32\rsaenh.dll
0x00007ff8c15e0000 - 0x00007ff8c1607000 	C:\Windows\System32\bcrypt.dll
0x00007ff8c1220000 - 0x00007ff8c124e000 	C:\Windows\SYSTEM32\USERENV.dll
0x00007ff8c0ce0000 - 0x00007ff8c0cec000 	C:\Windows\SYSTEM32\CRYPTBASE.dll
0x00007ff8c07e0000 - 0x00007ff8c081b000 	C:\Windows\SYSTEM32\IPHLPAPI.DLL
0x00007ff8c2520000 - 0x00007ff8c2529000 	C:\Windows\System32\NSI.dll
0x00007ff8b6330000 - 0x00007ff8b6347000 	C:\Windows\SYSTEM32\dhcpcsvc6.DLL
0x00007ff8b6000000 - 0x00007ff8b601d000 	C:\Windows\SYSTEM32\dhcpcsvc.DLL
0x00007ff8c0820000 - 0x00007ff8c08eb000 	C:\Windows\SYSTEM32\DNSAPI.dll
0x00007ff8c00c0000 - 0x00007ff8c00f3000 	C:\Windows\SYSTEM32\ntmarta.dll

dbghelp: loaded successfully - version: 4.0.5 - missing functions: none
symbol engine: initialized successfully - sym options: 0x614 - pdb path: .;F:\Software\androidStudio\jre\bin;C:\Windows\SYSTEM32;C:\Windows\WinSxS\amd64_microsoft.windows.common-controls_6595b64144ccf1df_6.0.19041.488_none_ca04af081b815d21;F:\Software\androidStudio\jre\bin\server;C:\Users\Admin\.gradle\native\e1d6ef7f7dcc3fd88c89a11ec53ec762bb8ba0a96d01ffa2cd45eb1d1d8dd5c5\windows-amd64;C:\Users\Admin\.gradle\native\5664cfc778a61ccfe75a443a1ab52a65af34e5dc3c78e0209fed803814484fcb\windows-amd64

VM Arguments:
jvm_args: --add-opens=java.base/java.util=ALL-UNNAMED --add-opens=java.base/java.lang=ALL-UNNAMED --add-opens=java.base/java.lang.invoke=ALL-UNNAMED --add-opens=java.base/java.util=ALL-UNNAMED --add-opens=java.prefs/java.util.prefs=ALL-UNNAMED --add-opens=java.prefs/java.util.prefs=ALL-UNNAMED --add-opens=java.base/java.nio.charset=ALL-UNNAMED --add-opens=java.base/java.net=ALL-UNNAMED --add-opens=java.base/java.util.concurrent.atomic=ALL-UNNAMED -Xmx2048m -Dfile.encoding=UTF-8 -Duser.country=US -Duser.language=en -Duser.variant 
java_command: org.gradle.launcher.daemon.bootstrap.GradleDaemon 7.3.3
java_class_path (initial): C:\Users\Admin\.gradle\wrapper\dists\gradle-7.3.3-bin\6a41zxkdtcxs8rphpq6y0069z\gradle-7.3.3\lib\gradle-launcher-7.3.3.jar
Launcher Type: SUN_STANDARD

[Global flags]
     intx CICompilerCount                          = 4                                         {product} {ergonomic}
     uint ConcGCThreads                            = 2                                         {product} {ergonomic}
     uint G1ConcRefinementThreads                  = 8                                         {product} {ergonomic}
   size_t G1HeapRegionSize                         = 1048576                                   {product} {ergonomic}
    uintx GCDrainStackTargetSize                   = 64                                        {product} {ergonomic}
   size_t InitialHeapSize                          = 132120576                                 {product} {ergonomic}
   size_t MarkStackSize                            = 4194304                                   {product} {ergonomic}
   size_t MaxHeapSize                              = 2147483648                                {product} {command line}
   size_t MaxNewSize                               = 1287651328                                {product} {ergonomic}
   size_t MinHeapDeltaBytes                        = 1048576                                   {product} {ergonomic}
    uintx NonNMethodCodeHeapSize                   = 5836300                                {pd product} {ergonomic}
    uintx NonProfiledCodeHeapSize                  = 122910970                              {pd product} {ergonomic}
    uintx ProfiledCodeHeapSize                     = 122910970                              {pd product} {ergonomic}
    uintx ReservedCodeCacheSize                    = 251658240                              {pd product} {ergonomic}
     bool SegmentedCodeCache                       = true                                      {product} {ergonomic}
     bool UseCompressedClassPointers               = true                                 {lp64_product} {ergonomic}
     bool UseCompressedOops                        = true                                 {lp64_product} {ergonomic}
     bool UseG1GC                                  = true                                      {product} {ergonomic}
     bool UseLargePagesIndividualAllocation        = false                                  {pd product} {ergonomic}

Logging:
Log output configuration:
 #0: stdout all=warning uptime,level,tags
 #1: stderr all=off uptime,level,tags

Environment Variables:
JAVA_HOME=C:\Program Files\Java\jdk1.8.0_241
PATH=C:\Program Files (x86)\Common Files\Oracle\Java\javapath;C:\Program Files (x86)\VMware\VMware Workstation\bin\;C:\Program Files\Java\jdk-17.0.2\bin;C:\Program Files\Microsoft SQL Server\Client SDK\ODBC\170\Tools\Binn\;C:\Program Files (x86)\Microsoft SQL Server\150\Tools\Binn\;C:\Program Files\Microsoft SQL Server\150\Tools\Binn\;C:\Program Files\Microsoft SQL Server\150\DTS\Binn\;C:\Program Files (x86)\Microsoft SQL Server\150\DTS\Binn\;C:\Program Files\Azure Data Studio\bin;F:\Git\cmd;C:\Program Files\MySQL\MySQL Shell 8.0\bin\;C:\Users\Admin\AppData\Local\Microsoft\WindowsApps;C:\Users\Admin\AppData\Local\Programs\Microsoft VS Code\bin;C:\Program Files (x86)\Dev-Cpp\MinGW64\bin;C:\Program Files\Azure Data Studio\bin;F:\Software\IntelliJ IDEA 2021.2\bin;;F:\Software\PyCharm Community Edition 2022.1.3\bin;
USERNAME=Admin
OS=Windows_NT
PROCESSOR_IDENTIFIER=Intel64 Family 6 Model 142 Stepping 11, GenuineIntel



---------------  S Y S T E M  ---------------

OS: Windows 10 , 64 bit Build 19041 (10.0.19041.292)
OS uptime: 1 days 21:16 hours

CPU:total 8 (initial active 8) (4 cores per cpu, 2 threads per core) family 6 model 142 stepping 11 microcode 0xca, cmov, cx8, fxsr, mmx, sse, sse2, sse3, ssse3, sse4.1, sse4.2, popcnt, avx, avx2, aes, clmul, erms, 3dnowpref, lzcnt, ht, tsc, tscinvbit, bmi1, bmi2, adx, fma

Memory: 4k page, system-wide physical 8043M (344M free)
TotalPageFile size 16235M (AvailPageFile size 37M)
current process WorkingSet (physical memory assigned to process): 477M, peak: 513M
current process commit charge ("private bytes"): 654M, peak: 863M

vm_info: OpenJDK 64-Bit Server VM (11.0.12+7-b1504.28-7817840) for windows-amd64 JRE (11.0.12+7-b1504.28-7817840), built on Oct 13 2021 22:12:33 by "builder" with MS VC++ 14.0 (VS2015)

END.
